2022-04-20 20:05:47.986  INFO 17560 --- [restartedMain] c.e.se2project.Se2ProjectApplication     : Starting Se2ProjectApplication using Java 17.0.2 on LAPTOP-14C4NV3J with PID 17560 (C:\Users\FPT SHop\OneDrive\Desktop\SE2Project-master\SE2Project-master\target\classes started by FPT SHop in C:\Users\FPT SHop\OneDrive\Desktop\SE2Project-master)
2022-04-20 20:05:48.029  INFO 17560 --- [restartedMain] c.e.se2project.Se2ProjectApplication     : No active profile set, falling back to 1 default profile: "default"
2022-04-20 20:05:48.422  INFO 17560 --- [restartedMain] .e.DevToolsPropertyDefaultsPostProcessor : Devtools property defaults active! Set 'spring.devtools.add-properties' to 'false' to disable
2022-04-20 20:05:48.427  INFO 17560 --- [restartedMain] .e.DevToolsPropertyDefaultsPostProcessor : For additional web related logging consider setting the 'logging.level.web' property to 'DEBUG'
2022-04-20 20:05:52.542  INFO 17560 --- [restartedMain] .s.d.r.c.RepositoryConfigurationDelegate : Bootstrapping Spring Data JPA repositories in DEFAULT mode.
2022-04-20 20:05:52.657  INFO 17560 --- [restartedMain] .s.d.r.c.RepositoryConfigurationDelegate : Finished Spring Data repository scanning in 102 ms. Found 4 JPA repository interfaces.
2022-04-20 20:05:53.422  INFO 17560 --- [restartedMain] o.s.b.w.embedded.tomcat.TomcatWebServer  : Tomcat initialized with port(s): 8080 (http)
2022-04-20 20:05:53.434  INFO 17560 --- [restartedMain] o.apache.catalina.core.StandardService   : Starting service [Tomcat]
2022-04-20 20:05:53.435  INFO 17560 --- [restartedMain] org.apache.catalina.core.StandardEngine  : Starting Servlet engine: [Apache Tomcat/9.0.58]
2022-04-20 20:05:53.569  INFO 17560 --- [restartedMain] o.a.c.c.C.[Tomcat].[localhost].[/]       : Initializing Spring embedded WebApplicationContext
2022-04-20 20:05:53.570  INFO 17560 --- [restartedMain] w.s.c.ServletWebServerApplicationContext : Root WebApplicationContext: initialization completed in 5137 ms
2022-04-20 20:05:53.832  INFO 17560 --- [restartedMain] o.hibernate.jpa.internal.util.LogHelper  : HHH000204: Processing PersistenceUnitInfo [name: default]
2022-04-20 20:05:53.925  INFO 17560 --- [restartedMain] org.hibernate.Version                    : HHH000412: Hibernate ORM core version 5.6.5.Final
2022-04-20 20:05:54.214  INFO 17560 --- [restartedMain] o.hibernate.annotations.common.Version   : HCANN000001: Hibernate Commons Annotations {5.1.2.Final}
2022-04-20 20:05:54.419  INFO 17560 --- [restartedMain] com.zaxxer.hikari.HikariDataSource       : HikariPool-1 - Starting...
2022-04-20 20:05:54.678  INFO 17560 --- [restartedMain] com.zaxxer.hikari.HikariDataSource       : HikariPool-1 - Start completed.
2022-04-20 20:05:54.706  INFO 17560 --- [restartedMain] org.hibernate.dialect.Dialect            : HHH000400: Using dialect: org.hibernate.dialect.MySQL5InnoDBDialect
2022-04-20 20:05:55.725  INFO 17560 --- [restartedMain] o.h.e.t.j.p.i.JtaPlatformInitiator       : HHH000490: Using JtaPlatform implementation: [org.hibernate.engine.transaction.jta.platform.internal.NoJtaPlatform]
2022-04-20 20:05:55.735  INFO 17560 --- [restartedMain] j.LocalContainerEntityManagerFactoryBean : Initialized JPA EntityManagerFactory for persistence unit 'default'
2022-04-20 20:05:58.754  WARN 17560 --- [restartedMain] JpaBaseConfiguration$JpaWebConfiguration : spring.jpa.open-in-view is enabled by default. Therefore, database queries may be performed during view rendering. Explicitly configure spring.jpa.open-in-view to disable this warning
2022-04-20 20:06:02.670  INFO 17560 --- [restartedMain] o.s.b.d.a.OptionalLiveReloadServer       : LiveReload server is running on port 35729
2022-04-20 20:06:02.746  INFO 17560 --- [restartedMain] o.s.b.w.embedded.tomcat.TomcatWebServer  : Tomcat started on port(s): 8080 (http) with context path ''
2022-04-20 20:06:02.761  INFO 17560 --- [restartedMain] c.e.se2project.Se2ProjectApplication     : Started Se2ProjectApplication in 16.068 seconds (JVM running for 17.298)
2022-04-20 20:06:02.791  INFO 17560 --- [SpringApplicationShutdownHook] j.LocalContainerEntityManagerFactoryBean : Closing JPA EntityManagerFactory for persistence unit 'default'
2022-04-20 20:06:02.795  INFO 17560 --- [SpringApplicationShutdownHook] com.zaxxer.hikari.HikariDataSource       : HikariPool-1 - Shutdown initiated...
2022-04-20 20:06:02.804  INFO 17560 --- [SpringApplicationShutdownHook] com.zaxxer.hikari.HikariDataSource       : HikariPool-1 - Shutdown completed.
2022-04-20 20:06:22.857  INFO 8796 --- [restartedMain] c.e.se2project.Se2ProjectApplication     : Starting Se2ProjectApplication using Java 17.0.2 on LAPTOP-14C4NV3J with PID 8796 (C:\Users\FPT SHop\OneDrive\Desktop\SE2Project-master\SE2Project-master\target\classes started by FPT SHop in C:\Users\FPT SHop\OneDrive\Desktop\SE2Project-master)
2022-04-20 20:06:22.860  INFO 8796 --- [restartedMain] c.e.se2project.Se2ProjectApplication     : No active profile set, falling back to 1 default profile: "default"
2022-04-20 20:06:23.019  INFO 8796 --- [restartedMain] .e.DevToolsPropertyDefaultsPostProcessor : Devtools property defaults active! Set 'spring.devtools.add-properties' to 'false' to disable
2022-04-20 20:06:23.020  INFO 8796 --- [restartedMain] .e.DevToolsPropertyDefaultsPostProcessor : For additional web related logging consider setting the 'logging.level.web' property to 'DEBUG'
2022-04-20 20:06:29.143  INFO 8796 --- [restartedMain] .s.d.r.c.RepositoryConfigurationDelegate : Bootstrapping Spring Data JPA repositories in DEFAULT mode.
2022-04-20 20:06:29.458  INFO 8796 --- [restartedMain] .s.d.r.c.RepositoryConfigurationDelegate : Finished Spring Data repository scanning in 294 ms. Found 4 JPA repository interfaces.
2022-04-20 20:06:33.211  INFO 8796 --- [restartedMain] o.s.b.w.embedded.tomcat.TomcatWebServer  : Tomcat initialized with port(s): 8080 (http)
2022-04-20 20:06:33.330  INFO 8796 --- [restartedMain] o.apache.catalina.core.StandardService   : Starting service [Tomcat]
2022-04-20 20:06:33.336  INFO 8796 --- [restartedMain] org.apache.catalina.core.StandardEngine  : Starting Servlet engine: [Apache Tomcat/9.0.58]
2022-04-20 20:06:35.210  INFO 8796 --- [restartedMain] o.a.c.c.C.[Tomcat].[localhost].[/]       : Initializing Spring embedded WebApplicationContext
2022-04-20 20:06:35.216  INFO 8796 --- [restartedMain] w.s.c.ServletWebServerApplicationContext : Root WebApplicationContext: initialization completed in 12195 ms
2022-04-20 20:06:36.558  INFO 8796 --- [restartedMain] o.hibernate.jpa.internal.util.LogHelper  : HHH000204: Processing PersistenceUnitInfo [name: default]
2022-04-20 20:06:36.688  INFO 8796 --- [restartedMain] org.hibernate.Version                    : HHH000412: Hibernate ORM core version 5.6.5.Final
2022-04-20 20:06:37.061  INFO 8796 --- [restartedMain] o.hibernate.annotations.common.Version   : HCANN000001: Hibernate Commons Annotations {5.1.2.Final}
2022-04-20 20:06:37.349  INFO 8796 --- [restartedMain] com.zaxxer.hikari.HikariDataSource       : HikariPool-1 - Starting...
2022-04-20 20:06:37.642  INFO 8796 --- [restartedMain] com.zaxxer.hikari.HikariDataSource       : HikariPool-1 - Start completed.
2022-04-20 20:06:37.663  INFO 8796 --- [restartedMain] org.hibernate.dialect.Dialect            : HHH000400: Using dialect: org.hibernate.dialect.MySQL5InnoDBDialect
2022-04-20 20:06:44.093  INFO 8796 --- [restartedMain] o.h.e.t.j.p.i.JtaPlatformInitiator       : HHH000490: Using JtaPlatform implementation: [org.hibernate.engine.transaction.jta.platform.internal.NoJtaPlatform]
2022-04-20 20:06:44.113  INFO 8796 --- [restartedMain] j.LocalContainerEntityManagerFactoryBean : Initialized JPA EntityManagerFactory for persistence unit 'default'
2022-04-20 20:06:44.810  WARN 8796 --- [restartedMain] JpaBaseConfiguration$JpaWebConfiguration : spring.jpa.open-in-view is enabled by default. Therefore, database queries may be performed during view rendering. Explicitly configure spring.jpa.open-in-view to disable this warning
2022-04-20 20:06:50.037  INFO 8796 --- [restartedMain] o.s.b.d.a.OptionalLiveReloadServer       : LiveReload server is running on port 35729
2022-04-20 20:06:50.124  INFO 8796 --- [restartedMain] o.s.b.w.embedded.tomcat.TomcatWebServer  : Tomcat started on port(s): 8080 (http) with context path ''
2022-04-20 20:06:50.143  INFO 8796 --- [restartedMain] c.e.se2project.Se2ProjectApplication     : Started Se2ProjectApplication in 29.566 seconds (JVM running for 34.719)
2022-04-20 20:07:08.534  INFO 8796 --- [http-nio-8080-exec-1] o.a.c.c.C.[Tomcat].[localhost].[/]       : Initializing Spring DispatcherServlet 'dispatcherServlet'
2022-04-20 20:07:08.538  INFO 8796 --- [http-nio-8080-exec-1] o.s.web.servlet.DispatcherServlet        : Initializing Servlet 'dispatcherServlet'
2022-04-20 20:07:08.559  INFO 8796 --- [http-nio-8080-exec-1] o.s.web.servlet.DispatcherServlet        : Completed initialization in 13 ms
2022-04-20 20:07:24.524 DEBUG 8796 --- [http-nio-8080-exec-3] org.hibernate.SQL                        : 
    select
        product0_.product_id as product_1_4_,
        product0_.categories_id as categori6_4_,
        product0_.detail as detail2_4_,
        product0_.image as image3_4_,
        product0_.name as name4_4_,
        product0_.price as price5_4_ 
    from
        product product0_
2022-04-20 20:07:24.559 DEBUG 8796 --- [http-nio-8080-exec-3] org.hibernate.SQL                        : 
    select
        category0_.category_id as category1_1_,
        category0_.description as descript2_1_,
        category0_.image as image3_1_,
        category0_.name as name4_1_ 
    from
        category category0_
2022-04-20 20:12:04.920  INFO 8796 --- [SpringApplicationShutdownHook] j.LocalContainerEntityManagerFactoryBean : Closing JPA EntityManagerFactory for persistence unit 'default'
2022-04-20 20:12:04.945  INFO 8796 --- [SpringApplicationShutdownHook] com.zaxxer.hikari.HikariDataSource       : HikariPool-1 - Shutdown initiated...
2022-04-20 20:12:04.990  INFO 8796 --- [SpringApplicationShutdownHook] com.zaxxer.hikari.HikariDataSource       : HikariPool-1 - Shutdown completed.
2022-04-20 20:12:10.577  INFO 23044 --- [restartedMain] c.e.se2project.Se2ProjectApplication     : Starting Se2ProjectApplication using Java 17.0.2 on LAPTOP-14C4NV3J with PID 23044 (C:\Users\FPT SHop\OneDrive\Desktop\SE2Project-master\SE2Project-master\target\classes started by FPT SHop in C:\Users\FPT SHop\OneDrive\Desktop\SE2Project-master)
2022-04-20 20:12:10.580  INFO 23044 --- [restartedMain] c.e.se2project.Se2ProjectApplication     : No active profile set, falling back to 1 default profile: "default"
2022-04-20 20:12:10.667  INFO 23044 --- [restartedMain] .e.DevToolsPropertyDefaultsPostProcessor : Devtools property defaults active! Set 'spring.devtools.add-properties' to 'false' to disable
2022-04-20 20:12:10.668  INFO 23044 --- [restartedMain] .e.DevToolsPropertyDefaultsPostProcessor : For additional web related logging consider setting the 'logging.level.web' property to 'DEBUG'
2022-04-20 20:12:11.585  INFO 23044 --- [restartedMain] .s.d.r.c.RepositoryConfigurationDelegate : Bootstrapping Spring Data JPA repositories in DEFAULT mode.
2022-04-20 20:12:11.717  INFO 23044 --- [restartedMain] .s.d.r.c.RepositoryConfigurationDelegate : Finished Spring Data repository scanning in 116 ms. Found 4 JPA repository interfaces.
2022-04-20 20:12:12.433  INFO 23044 --- [restartedMain] o.s.b.w.embedded.tomcat.TomcatWebServer  : Tomcat initialized with port(s): 8080 (http)
2022-04-20 20:12:12.444  INFO 23044 --- [restartedMain] o.apache.catalina.core.StandardService   : Starting service [Tomcat]
2022-04-20 20:12:12.445  INFO 23044 --- [restartedMain] org.apache.catalina.core.StandardEngine  : Starting Servlet engine: [Apache Tomcat/9.0.58]
2022-04-20 20:12:12.560  INFO 23044 --- [restartedMain] o.a.c.c.C.[Tomcat].[localhost].[/]       : Initializing Spring embedded WebApplicationContext
2022-04-20 20:12:12.561  INFO 23044 --- [restartedMain] w.s.c.ServletWebServerApplicationContext : Root WebApplicationContext: initialization completed in 1892 ms
2022-04-20 20:12:12.756  INFO 23044 --- [restartedMain] o.hibernate.jpa.internal.util.LogHelper  : HHH000204: Processing PersistenceUnitInfo [name: default]
2022-04-20 20:12:12.804  INFO 23044 --- [restartedMain] org.hibernate.Version                    : HHH000412: Hibernate ORM core version 5.6.5.Final
2022-04-20 20:12:12.935  INFO 23044 --- [restartedMain] o.hibernate.annotations.common.Version   : HCANN000001: Hibernate Commons Annotations {5.1.2.Final}
2022-04-20 20:12:13.044  INFO 23044 --- [restartedMain] com.zaxxer.hikari.HikariDataSource       : HikariPool-1 - Starting...
2022-04-20 20:12:13.172  INFO 23044 --- [restartedMain] com.zaxxer.hikari.HikariDataSource       : HikariPool-1 - Start completed.
2022-04-20 20:12:13.184  INFO 23044 --- [restartedMain] org.hibernate.dialect.Dialect            : HHH000400: Using dialect: org.hibernate.dialect.MySQL5InnoDBDialect
2022-04-20 20:12:13.921  INFO 23044 --- [restartedMain] o.h.e.t.j.p.i.JtaPlatformInitiator       : HHH000490: Using JtaPlatform implementation: [org.hibernate.engine.transaction.jta.platform.internal.NoJtaPlatform]
2022-04-20 20:12:13.932  INFO 23044 --- [restartedMain] j.LocalContainerEntityManagerFactoryBean : Initialized JPA EntityManagerFactory for persistence unit 'default'
2022-04-20 20:12:14.360  WARN 23044 --- [restartedMain] JpaBaseConfiguration$JpaWebConfiguration : spring.jpa.open-in-view is enabled by default. Therefore, database queries may be performed during view rendering. Explicitly configure spring.jpa.open-in-view to disable this warning
2022-04-20 20:12:15.057  INFO 23044 --- [restartedMain] o.s.b.d.a.OptionalLiveReloadServer       : LiveReload server is running on port 35729
2022-04-20 20:12:15.118  INFO 23044 --- [restartedMain] o.s.b.w.embedded.tomcat.TomcatWebServer  : Tomcat started on port(s): 8080 (http) with context path ''
2022-04-20 20:12:15.130  INFO 23044 --- [restartedMain] c.e.se2project.Se2ProjectApplication     : Started Se2ProjectApplication in 5.112 seconds (JVM running for 6.057)
2022-04-20 20:12:29.387  INFO 23044 --- [http-nio-8080-exec-1] o.a.c.c.C.[Tomcat].[localhost].[/]       : Initializing Spring DispatcherServlet 'dispatcherServlet'
2022-04-20 20:12:29.390  INFO 23044 --- [http-nio-8080-exec-1] o.s.web.servlet.DispatcherServlet        : Initializing Servlet 'dispatcherServlet'
2022-04-20 20:12:29.399  INFO 23044 --- [http-nio-8080-exec-1] o.s.web.servlet.DispatcherServlet        : Completed initialization in 8 ms
2022-04-20 20:12:40.772 DEBUG 23044 --- [http-nio-8080-exec-4] org.hibernate.SQL                        : 
    select
        product0_.product_id as product_1_4_,
        product0_.categories_id as categori6_4_,
        product0_.detail as detail2_4_,
        product0_.image as image3_4_,
        product0_.name as name4_4_,
        product0_.price as price5_4_ 
    from
        product product0_
2022-04-20 20:12:40.798 DEBUG 23044 --- [http-nio-8080-exec-4] org.hibernate.SQL                        : 
    select
        category0_.category_id as category1_1_,
        category0_.description as descript2_1_,
        category0_.image as image3_1_,
        category0_.name as name4_1_ 
    from
        category category0_
2022-04-20 20:26:49.125  INFO 23044 --- [SpringApplicationShutdownHook] j.LocalContainerEntityManagerFactoryBean : Closing JPA EntityManagerFactory for persistence unit 'default'
2022-04-20 20:26:49.129  INFO 23044 --- [SpringApplicationShutdownHook] com.zaxxer.hikari.HikariDataSource       : HikariPool-1 - Shutdown initiated...
2022-04-20 20:26:49.136  INFO 23044 --- [SpringApplicationShutdownHook] com.zaxxer.hikari.HikariDataSource       : HikariPool-1 - Shutdown completed.
2022-04-20 20:50:49.430  INFO 21612 --- [restartedMain] c.e.se2project.Se2ProjectApplication     : Starting Se2ProjectApplication using Java 17.0.2 on LAPTOP-14C4NV3J with PID 21612 (C:\Users\FPT SHop\OneDrive\Desktop\SE2Project-master\SE2Project-master\target\classes started by FPT SHop in C:\Users\FPT SHop\OneDrive\Desktop\SE2Project-master)
2022-04-20 20:50:49.432  INFO 21612 --- [restartedMain] c.e.se2project.Se2ProjectApplication     : No active profile set, falling back to 1 default profile: "default"
2022-04-20 20:50:49.495  INFO 21612 --- [restartedMain] .e.DevToolsPropertyDefaultsPostProcessor : Devtools property defaults active! Set 'spring.devtools.add-properties' to 'false' to disable
2022-04-20 20:50:49.495  INFO 21612 --- [restartedMain] .e.DevToolsPropertyDefaultsPostProcessor : For additional web related logging consider setting the 'logging.level.web' property to 'DEBUG'
2022-04-20 20:50:50.397  INFO 21612 --- [restartedMain] .s.d.r.c.RepositoryConfigurationDelegate : Bootstrapping Spring Data JPA repositories in DEFAULT mode.
2022-04-20 20:50:50.533  INFO 21612 --- [restartedMain] .s.d.r.c.RepositoryConfigurationDelegate : Finished Spring Data repository scanning in 119 ms. Found 4 JPA repository interfaces.
2022-04-20 20:50:51.331  INFO 21612 --- [restartedMain] o.s.b.w.embedded.tomcat.TomcatWebServer  : Tomcat initialized with port(s): 8080 (http)
2022-04-20 20:50:51.342  INFO 21612 --- [restartedMain] o.apache.catalina.core.StandardService   : Starting service [Tomcat]
2022-04-20 20:50:51.342  INFO 21612 --- [restartedMain] org.apache.catalina.core.StandardEngine  : Starting Servlet engine: [Apache Tomcat/9.0.58]
2022-04-20 20:50:51.428  INFO 21612 --- [restartedMain] o.a.c.c.C.[Tomcat].[localhost].[/]       : Initializing Spring embedded WebApplicationContext
2022-04-20 20:50:51.429  INFO 21612 --- [restartedMain] w.s.c.ServletWebServerApplicationContext : Root WebApplicationContext: initialization completed in 1933 ms
2022-04-20 20:50:51.577  INFO 21612 --- [restartedMain] o.hibernate.jpa.internal.util.LogHelper  : HHH000204: Processing PersistenceUnitInfo [name: default]
2022-04-20 20:50:51.642  INFO 21612 --- [restartedMain] org.hibernate.Version                    : HHH000412: Hibernate ORM core version 5.6.5.Final
2022-04-20 20:50:51.808  INFO 21612 --- [restartedMain] o.hibernate.annotations.common.Version   : HCANN000001: Hibernate Commons Annotations {5.1.2.Final}
2022-04-20 20:50:51.939  INFO 21612 --- [restartedMain] com.zaxxer.hikari.HikariDataSource       : HikariPool-1 - Starting...
2022-04-20 20:50:52.120  INFO 21612 --- [restartedMain] com.zaxxer.hikari.HikariDataSource       : HikariPool-1 - Start completed.
2022-04-20 20:50:52.139  INFO 21612 --- [restartedMain] org.hibernate.dialect.Dialect            : HHH000400: Using dialect: org.hibernate.dialect.MySQL5InnoDBDialect
2022-04-20 20:50:53.065  INFO 21612 --- [restartedMain] o.h.e.t.j.p.i.JtaPlatformInitiator       : HHH000490: Using JtaPlatform implementation: [org.hibernate.engine.transaction.jta.platform.internal.NoJtaPlatform]
2022-04-20 20:50:53.073  INFO 21612 --- [restartedMain] j.LocalContainerEntityManagerFactoryBean : Initialized JPA EntityManagerFactory for persistence unit 'default'
2022-04-20 20:50:53.525  WARN 21612 --- [restartedMain] JpaBaseConfiguration$JpaWebConfiguration : spring.jpa.open-in-view is enabled by default. Therefore, database queries may be performed during view rendering. Explicitly configure spring.jpa.open-in-view to disable this warning
2022-04-20 20:50:54.335  INFO 21612 --- [restartedMain] o.s.b.d.a.OptionalLiveReloadServer       : LiveReload server is running on port 35729
2022-04-20 20:50:54.412  INFO 21612 --- [restartedMain] o.s.b.w.embedded.tomcat.TomcatWebServer  : Tomcat started on port(s): 8080 (http) with context path ''
2022-04-20 20:50:54.423  INFO 21612 --- [restartedMain] c.e.se2project.Se2ProjectApplication     : Started Se2ProjectApplication in 5.483 seconds (JVM running for 10.688)
2022-04-20 20:51:38.217  INFO 21612 --- [http-nio-8080-exec-1] o.a.c.c.C.[Tomcat].[localhost].[/]       : Initializing Spring DispatcherServlet 'dispatcherServlet'
2022-04-20 20:51:38.217  INFO 21612 --- [http-nio-8080-exec-1] o.s.web.servlet.DispatcherServlet        : Initializing Servlet 'dispatcherServlet'
2022-04-20 20:51:38.218  INFO 21612 --- [http-nio-8080-exec-1] o.s.web.servlet.DispatcherServlet        : Completed initialization in 1 ms
2022-04-20 20:51:38.291  WARN 21612 --- [http-nio-8080-exec-1] .m.m.a.ExceptionHandlerExceptionResolver : Resolved [java.lang.NullPointerException: Cannot invoke "java.util.List.iterator()" because "cartProductList" is null]
2022-04-20 20:52:56.471  INFO 21612 --- [SpringApplicationShutdownHook] j.LocalContainerEntityManagerFactoryBean : Closing JPA EntityManagerFactory for persistence unit 'default'
2022-04-20 20:52:56.477  INFO 21612 --- [SpringApplicationShutdownHook] com.zaxxer.hikari.HikariDataSource       : HikariPool-1 - Shutdown initiated...
2022-04-20 20:52:56.485  INFO 21612 --- [SpringApplicationShutdownHook] com.zaxxer.hikari.HikariDataSource       : HikariPool-1 - Shutdown completed.
2022-04-20 20:53:04.929  INFO 11244 --- [restartedMain] c.e.se2project.Se2ProjectApplication     : Starting Se2ProjectApplication using Java 17.0.2 on LAPTOP-14C4NV3J with PID 11244 (C:\Users\FPT SHop\OneDrive\Desktop\SE2Project-master\SE2Project-master\target\classes started by FPT SHop in C:\Users\FPT SHop\OneDrive\Desktop\SE2Project-master)
2022-04-20 20:53:04.931  INFO 11244 --- [restartedMain] c.e.se2project.Se2ProjectApplication     : No active profile set, falling back to 1 default profile: "default"
2022-04-20 20:53:04.999  INFO 11244 --- [restartedMain] .e.DevToolsPropertyDefaultsPostProcessor : Devtools property defaults active! Set 'spring.devtools.add-properties' to 'false' to disable
2022-04-20 20:53:04.999  INFO 11244 --- [restartedMain] .e.DevToolsPropertyDefaultsPostProcessor : For additional web related logging consider setting the 'logging.level.web' property to 'DEBUG'
2022-04-20 20:53:05.752  INFO 11244 --- [restartedMain] .s.d.r.c.RepositoryConfigurationDelegate : Bootstrapping Spring Data JPA repositories in DEFAULT mode.
2022-04-20 20:53:05.833  INFO 11244 --- [restartedMain] .s.d.r.c.RepositoryConfigurationDelegate : Finished Spring Data repository scanning in 72 ms. Found 4 JPA repository interfaces.
2022-04-20 20:53:06.469  INFO 11244 --- [restartedMain] o.s.b.w.embedded.tomcat.TomcatWebServer  : Tomcat initialized with port(s): 8080 (http)
2022-04-20 20:53:06.478  INFO 11244 --- [restartedMain] o.apache.catalina.core.StandardService   : Starting service [Tomcat]
2022-04-20 20:53:06.479  INFO 11244 --- [restartedMain] org.apache.catalina.core.StandardEngine  : Starting Servlet engine: [Apache Tomcat/9.0.58]
2022-04-20 20:53:06.580  INFO 11244 --- [restartedMain] o.a.c.c.C.[Tomcat].[localhost].[/]       : Initializing Spring embedded WebApplicationContext
2022-04-20 20:53:06.580  INFO 11244 --- [restartedMain] w.s.c.ServletWebServerApplicationContext : Root WebApplicationContext: initialization completed in 1580 ms
2022-04-20 20:53:06.739  INFO 11244 --- [restartedMain] o.hibernate.jpa.internal.util.LogHelper  : HHH000204: Processing PersistenceUnitInfo [name: default]
2022-04-20 20:53:06.787  INFO 11244 --- [restartedMain] org.hibernate.Version                    : HHH000412: Hibernate ORM core version 5.6.5.Final
2022-04-20 20:53:06.904  INFO 11244 --- [restartedMain] o.hibernate.annotations.common.Version   : HCANN000001: Hibernate Commons Annotations {5.1.2.Final}
2022-04-20 20:53:06.992  INFO 11244 --- [restartedMain] com.zaxxer.hikari.HikariDataSource       : HikariPool-1 - Starting...
2022-04-20 20:53:07.119  INFO 11244 --- [restartedMain] com.zaxxer.hikari.HikariDataSource       : HikariPool-1 - Start completed.
2022-04-20 20:53:07.129  INFO 11244 --- [restartedMain] org.hibernate.dialect.Dialect            : HHH000400: Using dialect: org.hibernate.dialect.MySQL5InnoDBDialect
2022-04-20 20:53:07.877  INFO 11244 --- [restartedMain] o.h.e.t.j.p.i.JtaPlatformInitiator       : HHH000490: Using JtaPlatform implementation: [org.hibernate.engine.transaction.jta.platform.internal.NoJtaPlatform]
2022-04-20 20:53:07.884  INFO 11244 --- [restartedMain] j.LocalContainerEntityManagerFactoryBean : Initialized JPA EntityManagerFactory for persistence unit 'default'
2022-04-20 20:53:08.332  WARN 11244 --- [restartedMain] JpaBaseConfiguration$JpaWebConfiguration : spring.jpa.open-in-view is enabled by default. Therefore, database queries may be performed during view rendering. Explicitly configure spring.jpa.open-in-view to disable this warning
2022-04-20 20:53:09.111  INFO 11244 --- [restartedMain] o.s.b.d.a.OptionalLiveReloadServer       : LiveReload server is running on port 35729
2022-04-20 20:53:09.180  INFO 11244 --- [restartedMain] o.s.b.w.embedded.tomcat.TomcatWebServer  : Tomcat started on port(s): 8080 (http) with context path ''
2022-04-20 20:53:09.194  INFO 11244 --- [restartedMain] c.e.se2project.Se2ProjectApplication     : Started Se2ProjectApplication in 4.706 seconds (JVM running for 9.942)
2022-04-20 20:53:15.089  INFO 11244 --- [http-nio-8080-exec-2] o.a.c.c.C.[Tomcat].[localhost].[/]       : Initializing Spring DispatcherServlet 'dispatcherServlet'
2022-04-20 20:53:15.089  INFO 11244 --- [http-nio-8080-exec-2] o.s.web.servlet.DispatcherServlet        : Initializing Servlet 'dispatcherServlet'
2022-04-20 20:53:15.091  INFO 11244 --- [http-nio-8080-exec-2] o.s.web.servlet.DispatcherServlet        : Completed initialization in 2 ms
2022-04-20 20:53:15.133  WARN 11244 --- [http-nio-8080-exec-2] .m.m.a.ExceptionHandlerExceptionResolver : Resolved [java.lang.NullPointerException: Cannot invoke "java.util.List.iterator()" because "cartProductList" is null]
2022-04-20 20:54:09.002  INFO 11244 --- [SpringApplicationShutdownHook] j.LocalContainerEntityManagerFactoryBean : Closing JPA EntityManagerFactory for persistence unit 'default'
2022-04-20 20:54:09.006  INFO 11244 --- [SpringApplicationShutdownHook] com.zaxxer.hikari.HikariDataSource       : HikariPool-1 - Shutdown initiated...
2022-04-20 20:54:09.015  INFO 11244 --- [SpringApplicationShutdownHook] com.zaxxer.hikari.HikariDataSource       : HikariPool-1 - Shutdown completed.
2022-04-20 20:54:19.166  INFO 23524 --- [restartedMain] c.e.se2project.Se2ProjectApplication     : Starting Se2ProjectApplication using Java 17.0.2 on LAPTOP-14C4NV3J with PID 23524 (C:\Users\FPT SHop\OneDrive\Desktop\SE2Project-master\SE2Project-master\target\classes started by FPT SHop in C:\Users\FPT SHop\OneDrive\Desktop\SE2Project-master)
2022-04-20 20:54:19.168  INFO 23524 --- [restartedMain] c.e.se2project.Se2ProjectApplication     : No active profile set, falling back to 1 default profile: "default"
2022-04-20 20:54:19.229  INFO 23524 --- [restartedMain] .e.DevToolsPropertyDefaultsPostProcessor : Devtools property defaults active! Set 'spring.devtools.add-properties' to 'false' to disable
2022-04-20 20:54:19.229  INFO 23524 --- [restartedMain] .e.DevToolsPropertyDefaultsPostProcessor : For additional web related logging consider setting the 'logging.level.web' property to 'DEBUG'
2022-04-20 20:54:19.972  INFO 23524 --- [restartedMain] .s.d.r.c.RepositoryConfigurationDelegate : Bootstrapping Spring Data JPA repositories in DEFAULT mode.
2022-04-20 20:54:20.055  INFO 23524 --- [restartedMain] .s.d.r.c.RepositoryConfigurationDelegate : Finished Spring Data repository scanning in 73 ms. Found 4 JPA repository interfaces.
2022-04-20 20:54:20.612  INFO 23524 --- [restartedMain] o.s.b.w.embedded.tomcat.TomcatWebServer  : Tomcat initialized with port(s): 8080 (http)
2022-04-20 20:54:20.620  INFO 23524 --- [restartedMain] o.apache.catalina.core.StandardService   : Starting service [Tomcat]
2022-04-20 20:54:20.620  INFO 23524 --- [restartedMain] org.apache.catalina.core.StandardEngine  : Starting Servlet engine: [Apache Tomcat/9.0.58]
2022-04-20 20:54:20.707  INFO 23524 --- [restartedMain] o.a.c.c.C.[Tomcat].[localhost].[/]       : Initializing Spring embedded WebApplicationContext
2022-04-20 20:54:20.707  INFO 23524 --- [restartedMain] w.s.c.ServletWebServerApplicationContext : Root WebApplicationContext: initialization completed in 1477 ms
2022-04-20 20:54:20.843  INFO 23524 --- [restartedMain] o.hibernate.jpa.internal.util.LogHelper  : HHH000204: Processing PersistenceUnitInfo [name: default]
2022-04-20 20:54:20.882  INFO 23524 --- [restartedMain] org.hibernate.Version                    : HHH000412: Hibernate ORM core version 5.6.5.Final
2022-04-20 20:54:20.994  INFO 23524 --- [restartedMain] o.hibernate.annotations.common.Version   : HCANN000001: Hibernate Commons Annotations {5.1.2.Final}
2022-04-20 20:54:21.079  INFO 23524 --- [restartedMain] com.zaxxer.hikari.HikariDataSource       : HikariPool-1 - Starting...
2022-04-20 20:54:21.183  INFO 23524 --- [restartedMain] com.zaxxer.hikari.HikariDataSource       : HikariPool-1 - Start completed.
2022-04-20 20:54:21.192  INFO 23524 --- [restartedMain] org.hibernate.dialect.Dialect            : HHH000400: Using dialect: org.hibernate.dialect.MySQL5InnoDBDialect
2022-04-20 20:54:21.955  INFO 23524 --- [restartedMain] o.h.e.t.j.p.i.JtaPlatformInitiator       : HHH000490: Using JtaPlatform implementation: [org.hibernate.engine.transaction.jta.platform.internal.NoJtaPlatform]
2022-04-20 20:54:21.963  INFO 23524 --- [restartedMain] j.LocalContainerEntityManagerFactoryBean : Initialized JPA EntityManagerFactory for persistence unit 'default'
2022-04-20 20:54:22.418  WARN 23524 --- [restartedMain] JpaBaseConfiguration$JpaWebConfiguration : spring.jpa.open-in-view is enabled by default. Therefore, database queries may be performed during view rendering. Explicitly configure spring.jpa.open-in-view to disable this warning
2022-04-20 20:54:23.215  INFO 23524 --- [restartedMain] o.s.b.d.a.OptionalLiveReloadServer       : LiveReload server is running on port 35729
2022-04-20 20:54:23.282  INFO 23524 --- [restartedMain] o.s.b.w.embedded.tomcat.TomcatWebServer  : Tomcat started on port(s): 8080 (http) with context path ''
2022-04-20 20:54:23.293  INFO 23524 --- [restartedMain] c.e.se2project.Se2ProjectApplication     : Started Se2ProjectApplication in 4.586 seconds (JVM running for 5.425)
2022-04-20 20:54:31.599  INFO 23524 --- [http-nio-8080-exec-1] o.a.c.c.C.[Tomcat].[localhost].[/]       : Initializing Spring DispatcherServlet 'dispatcherServlet'
2022-04-20 20:54:31.599  INFO 23524 --- [http-nio-8080-exec-1] o.s.web.servlet.DispatcherServlet        : Initializing Servlet 'dispatcherServlet'
2022-04-20 20:54:31.600  INFO 23524 --- [http-nio-8080-exec-1] o.s.web.servlet.DispatcherServlet        : Completed initialization in 0 ms
2022-04-20 20:54:31.633  WARN 23524 --- [http-nio-8080-exec-1] .m.m.a.ExceptionHandlerExceptionResolver : Resolved [java.lang.NullPointerException: Cannot invoke "java.util.List.iterator()" because "cartProductList" is null]
2022-04-20 20:54:44.820  INFO 23524 --- [SpringApplicationShutdownHook] j.LocalContainerEntityManagerFactoryBean : Closing JPA EntityManagerFactory for persistence unit 'default'
2022-04-20 20:54:44.823  INFO 23524 --- [SpringApplicationShutdownHook] com.zaxxer.hikari.HikariDataSource       : HikariPool-1 - Shutdown initiated...
2022-04-20 20:54:44.829  INFO 23524 --- [SpringApplicationShutdownHook] com.zaxxer.hikari.HikariDataSource       : HikariPool-1 - Shutdown completed.
2022-04-20 21:00:54.059  INFO 4740 --- [restartedMain] c.e.se2project.Se2ProjectApplication     : Starting Se2ProjectApplication using Java 17.0.2 on LAPTOP-14C4NV3J with PID 4740 (C:\Users\FPT SHop\OneDrive\Desktop\SE2Project-master\SE2Project-master\target\classes started by FPT SHop in C:\Users\FPT SHop\OneDrive\Desktop\SE2Project-master)
2022-04-20 21:00:54.061  INFO 4740 --- [restartedMain] c.e.se2project.Se2ProjectApplication     : No active profile set, falling back to 1 default profile: "default"
2022-04-20 21:00:54.117  INFO 4740 --- [restartedMain] .e.DevToolsPropertyDefaultsPostProcessor : Devtools property defaults active! Set 'spring.devtools.add-properties' to 'false' to disable
2022-04-20 21:00:54.117  INFO 4740 --- [restartedMain] .e.DevToolsPropertyDefaultsPostProcessor : For additional web related logging consider setting the 'logging.level.web' property to 'DEBUG'
2022-04-20 21:00:55.061  INFO 4740 --- [restartedMain] .s.d.r.c.RepositoryConfigurationDelegate : Bootstrapping Spring Data JPA repositories in DEFAULT mode.
2022-04-20 21:00:55.644  INFO 4740 --- [restartedMain] .s.d.r.c.RepositoryConfigurationDelegate : Finished Spring Data repository scanning in 553 ms. Found 4 JPA repository interfaces.
2022-04-20 21:00:58.255  INFO 4740 --- [restartedMain] o.s.b.w.embedded.tomcat.TomcatWebServer  : Tomcat initialized with port(s): 8080 (http)
2022-04-20 21:00:58.271  INFO 4740 --- [restartedMain] o.apache.catalina.core.StandardService   : Starting service [Tomcat]
2022-04-20 21:00:58.272  INFO 4740 --- [restartedMain] org.apache.catalina.core.StandardEngine  : Starting Servlet engine: [Apache Tomcat/9.0.58]
2022-04-20 21:00:58.392  INFO 4740 --- [restartedMain] o.a.c.c.C.[Tomcat].[localhost].[/]       : Initializing Spring embedded WebApplicationContext
2022-04-20 21:00:58.393  INFO 4740 --- [restartedMain] w.s.c.ServletWebServerApplicationContext : Root WebApplicationContext: initialization completed in 4275 ms
2022-04-20 21:00:58.575  INFO 4740 --- [restartedMain] o.hibernate.jpa.internal.util.LogHelper  : HHH000204: Processing PersistenceUnitInfo [name: default]
2022-04-20 21:00:58.620  INFO 4740 --- [restartedMain] org.hibernate.Version                    : HHH000412: Hibernate ORM core version 5.6.5.Final
2022-04-20 21:00:58.748  INFO 4740 --- [restartedMain] o.hibernate.annotations.common.Version   : HCANN000001: Hibernate Commons Annotations {5.1.2.Final}
2022-04-20 21:00:58.841  INFO 4740 --- [restartedMain] com.zaxxer.hikari.HikariDataSource       : HikariPool-1 - Starting...
2022-04-20 21:00:58.956  INFO 4740 --- [restartedMain] com.zaxxer.hikari.HikariDataSource       : HikariPool-1 - Start completed.
2022-04-20 21:00:58.966  INFO 4740 --- [restartedMain] org.hibernate.dialect.Dialect            : HHH000400: Using dialect: org.hibernate.dialect.MySQL5InnoDBDialect
2022-04-20 21:00:59.739  INFO 4740 --- [restartedMain] o.h.e.t.j.p.i.JtaPlatformInitiator       : HHH000490: Using JtaPlatform implementation: [org.hibernate.engine.transaction.jta.platform.internal.NoJtaPlatform]
2022-04-20 21:00:59.766  INFO 4740 --- [restartedMain] j.LocalContainerEntityManagerFactoryBean : Initialized JPA EntityManagerFactory for persistence unit 'default'
2022-04-20 21:01:00.289  WARN 4740 --- [restartedMain] JpaBaseConfiguration$JpaWebConfiguration : spring.jpa.open-in-view is enabled by default. Therefore, database queries may be performed during view rendering. Explicitly configure spring.jpa.open-in-view to disable this warning
2022-04-20 21:01:01.120  INFO 4740 --- [restartedMain] o.s.b.d.a.OptionalLiveReloadServer       : LiveReload server is running on port 35729
2022-04-20 21:01:01.186  INFO 4740 --- [restartedMain] o.s.b.w.embedded.tomcat.TomcatWebServer  : Tomcat started on port(s): 8080 (http) with context path ''
2022-04-20 21:01:01.199  INFO 4740 --- [restartedMain] c.e.se2project.Se2ProjectApplication     : Started Se2ProjectApplication in 7.59 seconds (JVM running for 9.947)
2022-04-20 21:01:01.488  INFO 4740 --- [http-nio-8080-exec-1] o.a.c.c.C.[Tomcat].[localhost].[/]       : Initializing Spring DispatcherServlet 'dispatcherServlet'
2022-04-20 21:01:01.488  INFO 4740 --- [http-nio-8080-exec-1] o.s.web.servlet.DispatcherServlet        : Initializing Servlet 'dispatcherServlet'
2022-04-20 21:01:01.489  INFO 4740 --- [http-nio-8080-exec-1] o.s.web.servlet.DispatcherServlet        : Completed initialization in 1 ms
2022-04-20 21:01:12.872 DEBUG 4740 --- [http-nio-8080-exec-9] org.hibernate.SQL                        : 
    select
        product0_.product_id as product_1_4_,
        product0_.categories_id as categori6_4_,
        product0_.detail as detail2_4_,
        product0_.image as image3_4_,
        product0_.name as name4_4_,
        product0_.price as price5_4_ 
    from
        product product0_
2022-04-20 21:01:12.896 DEBUG 4740 --- [http-nio-8080-exec-9] org.hibernate.SQL                        : 
    select
        product0_.product_id as product_1_4_,
        product0_.categories_id as categori6_4_,
        product0_.detail as detail2_4_,
        product0_.image as image3_4_,
        product0_.name as name4_4_,
        product0_.price as price5_4_ 
    from
        product product0_
2022-04-20 21:01:12.913  WARN 4740 --- [http-nio-8080-exec-9] .m.m.a.ExceptionHandlerExceptionResolver : Resolved [org.springframework.dao.InvalidDataAccessApiUsageException: Parameter value [-3] did not match expected type [java.lang.Long (n/a)]; nested exception is java.lang.IllegalArgumentException: Parameter value [-3] did not match expected type [java.lang.Long (n/a)]]
2022-04-20 21:01:28.321 DEBUG 4740 --- [http-nio-8080-exec-2] org.hibernate.SQL                        : 
    select
        category0_.category_id as category1_1_,
        category0_.description as descript2_1_,
        category0_.image as image3_1_,
        category0_.name as name4_1_ 
    from
        category category0_
2022-04-20 21:02:47.366 DEBUG 4740 --- [http-nio-8080-exec-9] org.hibernate.SQL                        : 
    insert 
    into
        category
        (description, image, name) 
    values
        (?, ?, ?)
2022-04-20 21:02:52.344 DEBUG 4740 --- [http-nio-8080-exec-9] org.hibernate.SQL                        : 
    select
        category0_.category_id as category1_1_,
        category0_.description as descript2_1_,
        category0_.image as image3_1_,
        category0_.name as name4_1_ 
    from
        category category0_
2022-04-20 21:03:20.116 DEBUG 4740 --- [http-nio-8080-exec-1] org.hibernate.SQL                        : 
    select
        category0_.category_id as category1_1_0_,
        category0_.description as descript2_1_0_,
        category0_.image as image3_1_0_,
        category0_.name as name4_1_0_ 
    from
        category category0_ 
    where
        category0_.category_id=?
2022-04-20 21:03:20.126 DEBUG 4740 --- [http-nio-8080-exec-1] org.hibernate.SQL                        : 
    insert 
    into
        product
        (categories_id, detail, image, name, price) 
    values
        (?, ?, ?, ?, ?)
2022-04-20 21:03:27.909 DEBUG 4740 --- [http-nio-8080-exec-9] org.hibernate.SQL                        : 
    select
        category0_.category_id as category1_1_,
        category0_.description as descript2_1_,
        category0_.image as image3_1_,
        category0_.name as name4_1_ 
    from
        category category0_
2022-04-20 21:04:13.304 DEBUG 4740 --- [http-nio-8080-exec-5] org.hibernate.SQL                        : 
    insert 
    into
        category
        (description, image, name) 
    values
        (?, ?, ?)
2022-04-20 21:04:41.536 DEBUG 4740 --- [http-nio-8080-exec-8] org.hibernate.SQL                        : 
    select
        category0_.category_id as category1_1_,
        category0_.description as descript2_1_,
        category0_.image as image3_1_,
        category0_.name as name4_1_ 
    from
        category category0_
2022-04-20 21:05:00.979 DEBUG 4740 --- [http-nio-8080-exec-7] org.hibernate.SQL                        : 
    select
        category0_.category_id as category1_1_0_,
        category0_.description as descript2_1_0_,
        category0_.image as image3_1_0_,
        category0_.name as name4_1_0_ 
    from
        category category0_ 
    where
        category0_.category_id=?
2022-04-20 21:05:00.982 DEBUG 4740 --- [http-nio-8080-exec-7] org.hibernate.SQL                        : 
    insert 
    into
        product
        (categories_id, detail, image, name, price) 
    values
        (?, ?, ?, ?, ?)
2022-04-20 21:05:34.609 DEBUG 4740 --- [http-nio-8080-exec-8] org.hibernate.SQL                        : 
    insert 
    into
        category
        (description, image, name) 
    values
        (?, ?, ?)
2022-04-20 21:05:39.549 DEBUG 4740 --- [http-nio-8080-exec-4] org.hibernate.SQL                        : 
    select
        category0_.category_id as category1_1_,
        category0_.description as descript2_1_,
        category0_.image as image3_1_,
        category0_.name as name4_1_ 
    from
        category category0_
2022-04-20 21:05:58.891 DEBUG 4740 --- [http-nio-8080-exec-10] org.hibernate.SQL                        : 
    select
        category0_.category_id as category1_1_0_,
        category0_.description as descript2_1_0_,
        category0_.image as image3_1_0_,
        category0_.name as name4_1_0_ 
    from
        category category0_ 
    where
        category0_.category_id=?
2022-04-20 21:05:58.894 DEBUG 4740 --- [http-nio-8080-exec-10] org.hibernate.SQL                        : 
    insert 
    into
        product
        (categories_id, detail, image, name, price) 
    values
        (?, ?, ?, ?, ?)
2022-04-20 21:06:11.966  INFO 4740 --- [SpringApplicationShutdownHook] j.LocalContainerEntityManagerFactoryBean : Closing JPA EntityManagerFactory for persistence unit 'default'
2022-04-20 21:06:11.971  INFO 4740 --- [SpringApplicationShutdownHook] com.zaxxer.hikari.HikariDataSource       : HikariPool-1 - Shutdown initiated...
2022-04-20 21:06:11.984  INFO 4740 --- [SpringApplicationShutdownHook] com.zaxxer.hikari.HikariDataSource       : HikariPool-1 - Shutdown completed.
2022-04-20 21:06:27.924  INFO 17496 --- [restartedMain] c.e.se2project.Se2ProjectApplication     : Starting Se2ProjectApplication using Java 17.0.2 on LAPTOP-14C4NV3J with PID 17496 (C:\Users\FPT SHop\OneDrive\Desktop\SE2Project-master\SE2Project-master\target\classes started by FPT SHop in C:\Users\FPT SHop\OneDrive\Desktop\SE2Project-master)
2022-04-20 21:06:27.926  INFO 17496 --- [restartedMain] c.e.se2project.Se2ProjectApplication     : No active profile set, falling back to 1 default profile: "default"
2022-04-20 21:06:27.978  INFO 17496 --- [restartedMain] .e.DevToolsPropertyDefaultsPostProcessor : Devtools property defaults active! Set 'spring.devtools.add-properties' to 'false' to disable
2022-04-20 21:06:27.979  INFO 17496 --- [restartedMain] .e.DevToolsPropertyDefaultsPostProcessor : For additional web related logging consider setting the 'logging.level.web' property to 'DEBUG'
2022-04-20 21:06:28.764  INFO 17496 --- [restartedMain] .s.d.r.c.RepositoryConfigurationDelegate : Bootstrapping Spring Data JPA repositories in DEFAULT mode.
2022-04-20 21:06:28.848  INFO 17496 --- [restartedMain] .s.d.r.c.RepositoryConfigurationDelegate : Finished Spring Data repository scanning in 73 ms. Found 4 JPA repository interfaces.
2022-04-20 21:06:29.400  INFO 17496 --- [restartedMain] o.s.b.w.embedded.tomcat.TomcatWebServer  : Tomcat initialized with port(s): 8080 (http)
2022-04-20 21:06:29.408  INFO 17496 --- [restartedMain] o.apache.catalina.core.StandardService   : Starting service [Tomcat]
2022-04-20 21:06:29.409  INFO 17496 --- [restartedMain] org.apache.catalina.core.StandardEngine  : Starting Servlet engine: [Apache Tomcat/9.0.58]
2022-04-20 21:06:29.511  INFO 17496 --- [restartedMain] o.a.c.c.C.[Tomcat].[localhost].[/]       : Initializing Spring embedded WebApplicationContext
2022-04-20 21:06:29.511  INFO 17496 --- [restartedMain] w.s.c.ServletWebServerApplicationContext : Root WebApplicationContext: initialization completed in 1531 ms
2022-04-20 21:06:29.664  INFO 17496 --- [restartedMain] o.hibernate.jpa.internal.util.LogHelper  : HHH000204: Processing PersistenceUnitInfo [name: default]
2022-04-20 21:06:29.705  INFO 17496 --- [restartedMain] org.hibernate.Version                    : HHH000412: Hibernate ORM core version 5.6.5.Final
2022-04-20 21:06:29.818  INFO 17496 --- [restartedMain] o.hibernate.annotations.common.Version   : HCANN000001: Hibernate Commons Annotations {5.1.2.Final}
2022-04-20 21:06:29.919  INFO 17496 --- [restartedMain] com.zaxxer.hikari.HikariDataSource       : HikariPool-1 - Starting...
2022-04-20 21:06:30.031  INFO 17496 --- [restartedMain] com.zaxxer.hikari.HikariDataSource       : HikariPool-1 - Start completed.
2022-04-20 21:06:30.041  INFO 17496 --- [restartedMain] org.hibernate.dialect.Dialect            : HHH000400: Using dialect: org.hibernate.dialect.MySQL5InnoDBDialect
2022-04-20 21:06:30.868  INFO 17496 --- [restartedMain] o.h.e.t.j.p.i.JtaPlatformInitiator       : HHH000490: Using JtaPlatform implementation: [org.hibernate.engine.transaction.jta.platform.internal.NoJtaPlatform]
2022-04-20 21:06:30.876  INFO 17496 --- [restartedMain] j.LocalContainerEntityManagerFactoryBean : Initialized JPA EntityManagerFactory for persistence unit 'default'
2022-04-20 21:06:31.411  WARN 17496 --- [restartedMain] JpaBaseConfiguration$JpaWebConfiguration : spring.jpa.open-in-view is enabled by default. Therefore, database queries may be performed during view rendering. Explicitly configure spring.jpa.open-in-view to disable this warning
2022-04-20 21:06:32.274  INFO 17496 --- [restartedMain] o.s.b.d.a.OptionalLiveReloadServer       : LiveReload server is running on port 35729
2022-04-20 21:06:32.341  INFO 17496 --- [restartedMain] o.s.b.w.embedded.tomcat.TomcatWebServer  : Tomcat started on port(s): 8080 (http) with context path ''
2022-04-20 21:06:32.356  INFO 17496 --- [restartedMain] c.e.se2project.Se2ProjectApplication     : Started Se2ProjectApplication in 4.904 seconds (JVM running for 5.811)
2022-04-20 21:06:56.283  INFO 17496 --- [http-nio-8080-exec-1] o.a.c.c.C.[Tomcat].[localhost].[/]       : Initializing Spring DispatcherServlet 'dispatcherServlet'
2022-04-20 21:06:56.283  INFO 17496 --- [http-nio-8080-exec-1] o.s.web.servlet.DispatcherServlet        : Initializing Servlet 'dispatcherServlet'
2022-04-20 21:06:56.284  INFO 17496 --- [http-nio-8080-exec-1] o.s.web.servlet.DispatcherServlet        : Completed initialization in 1 ms
2022-04-20 21:07:00.297 DEBUG 17496 --- [http-nio-8080-exec-10] org.hibernate.SQL                        : 
    select
        product0_.product_id as product_1_4_,
        product0_.categories_id as categori6_4_,
        product0_.detail as detail2_4_,
        product0_.image as image3_4_,
        product0_.name as name4_4_,
        product0_.price as price5_4_ 
    from
        product product0_
2022-04-20 21:07:00.322 DEBUG 17496 --- [http-nio-8080-exec-10] org.hibernate.SQL                        : 
    select
        product0_.product_id as product_1_4_,
        product0_.categories_id as categori6_4_,
        product0_.detail as detail2_4_,
        product0_.image as image3_4_,
        product0_.name as name4_4_,
        product0_.price as price5_4_ 
    from
        product product0_
2022-04-20 21:07:00.338  WARN 17496 --- [http-nio-8080-exec-10] .m.m.a.ExceptionHandlerExceptionResolver : Resolved [org.springframework.dao.InvalidDataAccessApiUsageException: Parameter value [2] did not match expected type [java.lang.Long (n/a)]; nested exception is java.lang.IllegalArgumentException: Parameter value [2] did not match expected type [java.lang.Long (n/a)]]
2022-04-20 21:07:41.547  INFO 17496 --- [SpringApplicationShutdownHook] j.LocalContainerEntityManagerFactoryBean : Closing JPA EntityManagerFactory for persistence unit 'default'
2022-04-20 21:07:41.551  INFO 17496 --- [SpringApplicationShutdownHook] com.zaxxer.hikari.HikariDataSource       : HikariPool-1 - Shutdown initiated...
2022-04-20 21:07:41.558  INFO 17496 --- [SpringApplicationShutdownHook] com.zaxxer.hikari.HikariDataSource       : HikariPool-1 - Shutdown completed.
2022-04-20 21:07:53.657  INFO 22208 --- [restartedMain] c.e.se2project.Se2ProjectApplication     : Starting Se2ProjectApplication using Java 17.0.2 on LAPTOP-14C4NV3J with PID 22208 (C:\Users\FPT SHop\OneDrive\Desktop\SE2Project-master\SE2Project-master\target\classes started by FPT SHop in C:\Users\FPT SHop\OneDrive\Desktop\SE2Project-master)
2022-04-20 21:07:53.660  INFO 22208 --- [restartedMain] c.e.se2project.Se2ProjectApplication     : No active profile set, falling back to 1 default profile: "default"
2022-04-20 21:07:53.730  INFO 22208 --- [restartedMain] .e.DevToolsPropertyDefaultsPostProcessor : Devtools property defaults active! Set 'spring.devtools.add-properties' to 'false' to disable
2022-04-20 21:07:53.730  INFO 22208 --- [restartedMain] .e.DevToolsPropertyDefaultsPostProcessor : For additional web related logging consider setting the 'logging.level.web' property to 'DEBUG'
2022-04-20 21:07:54.556  INFO 22208 --- [restartedMain] .s.d.r.c.RepositoryConfigurationDelegate : Bootstrapping Spring Data JPA repositories in DEFAULT mode.
2022-04-20 21:07:55.182  INFO 22208 --- [restartedMain] .s.d.r.c.RepositoryConfigurationDelegate : Finished Spring Data repository scanning in 605 ms. Found 4 JPA repository interfaces.
2022-04-20 21:07:59.642  INFO 22208 --- [restartedMain] o.s.b.w.embedded.tomcat.TomcatWebServer  : Tomcat initialized with port(s): 8080 (http)
2022-04-20 21:07:59.651  INFO 22208 --- [restartedMain] o.apache.catalina.core.StandardService   : Starting service [Tomcat]
2022-04-20 21:07:59.652  INFO 22208 --- [restartedMain] org.apache.catalina.core.StandardEngine  : Starting Servlet engine: [Apache Tomcat/9.0.58]
2022-04-20 21:07:59.762  INFO 22208 --- [restartedMain] o.a.c.c.C.[Tomcat].[localhost].[/]       : Initializing Spring embedded WebApplicationContext
2022-04-20 21:07:59.762  INFO 22208 --- [restartedMain] w.s.c.ServletWebServerApplicationContext : Root WebApplicationContext: initialization completed in 6031 ms
2022-04-20 21:07:59.905  INFO 22208 --- [restartedMain] o.hibernate.jpa.internal.util.LogHelper  : HHH000204: Processing PersistenceUnitInfo [name: default]
2022-04-20 21:07:59.944  INFO 22208 --- [restartedMain] org.hibernate.Version                    : HHH000412: Hibernate ORM core version 5.6.5.Final
2022-04-20 21:08:00.076  INFO 22208 --- [restartedMain] o.hibernate.annotations.common.Version   : HCANN000001: Hibernate Commons Annotations {5.1.2.Final}
2022-04-20 21:08:00.174  INFO 22208 --- [restartedMain] com.zaxxer.hikari.HikariDataSource       : HikariPool-1 - Starting...
2022-04-20 21:08:00.303  INFO 22208 --- [restartedMain] com.zaxxer.hikari.HikariDataSource       : HikariPool-1 - Start completed.
2022-04-20 21:08:00.316  INFO 22208 --- [restartedMain] org.hibernate.dialect.Dialect            : HHH000400: Using dialect: org.hibernate.dialect.MySQL5InnoDBDialect
2022-04-20 21:08:01.126  INFO 22208 --- [restartedMain] o.h.e.t.j.p.i.JtaPlatformInitiator       : HHH000490: Using JtaPlatform implementation: [org.hibernate.engine.transaction.jta.platform.internal.NoJtaPlatform]
2022-04-20 21:08:01.134  INFO 22208 --- [restartedMain] j.LocalContainerEntityManagerFactoryBean : Initialized JPA EntityManagerFactory for persistence unit 'default'
2022-04-20 21:08:01.575  WARN 22208 --- [restartedMain] JpaBaseConfiguration$JpaWebConfiguration : spring.jpa.open-in-view is enabled by default. Therefore, database queries may be performed during view rendering. Explicitly configure spring.jpa.open-in-view to disable this warning
2022-04-20 21:08:02.446  INFO 22208 --- [restartedMain] o.s.b.d.a.OptionalLiveReloadServer       : LiveReload server is running on port 35729
2022-04-20 21:08:02.510  INFO 22208 --- [restartedMain] o.s.b.w.embedded.tomcat.TomcatWebServer  : Tomcat started on port(s): 8080 (http) with context path ''
2022-04-20 21:08:02.524  INFO 22208 --- [restartedMain] c.e.se2project.Se2ProjectApplication     : Started Se2ProjectApplication in 9.761 seconds (JVM running for 13.136)
2022-04-20 21:08:42.047  INFO 22208 --- [SpringApplicationShutdownHook] j.LocalContainerEntityManagerFactoryBean : Closing JPA EntityManagerFactory for persistence unit 'default'
2022-04-20 21:08:42.052  INFO 22208 --- [SpringApplicationShutdownHook] com.zaxxer.hikari.HikariDataSource       : HikariPool-1 - Shutdown initiated...
2022-04-20 21:08:42.061  INFO 22208 --- [SpringApplicationShutdownHook] com.zaxxer.hikari.HikariDataSource       : HikariPool-1 - Shutdown completed.
2022-04-20 21:09:27.613  INFO 9948 --- [restartedMain] c.e.se2project.Se2ProjectApplication     : Starting Se2ProjectApplication using Java 17.0.2 on LAPTOP-14C4NV3J with PID 9948 (C:\Users\FPT SHop\OneDrive\Desktop\SE2Project-master\SE2Project-master\target\classes started by FPT SHop in C:\Users\FPT SHop\OneDrive\Desktop\SE2Project-master)
2022-04-20 21:09:27.615  INFO 9948 --- [restartedMain] c.e.se2project.Se2ProjectApplication     : No active profile set, falling back to 1 default profile: "default"
2022-04-20 21:09:27.685  INFO 9948 --- [restartedMain] .e.DevToolsPropertyDefaultsPostProcessor : Devtools property defaults active! Set 'spring.devtools.add-properties' to 'false' to disable
2022-04-20 21:09:27.686  INFO 9948 --- [restartedMain] .e.DevToolsPropertyDefaultsPostProcessor : For additional web related logging consider setting the 'logging.level.web' property to 'DEBUG'
2022-04-20 21:09:28.455  INFO 9948 --- [restartedMain] .s.d.r.c.RepositoryConfigurationDelegate : Bootstrapping Spring Data JPA repositories in DEFAULT mode.
2022-04-20 21:09:28.556  INFO 9948 --- [restartedMain] .s.d.r.c.RepositoryConfigurationDelegate : Finished Spring Data repository scanning in 90 ms. Found 4 JPA repository interfaces.
2022-04-20 21:09:29.105  INFO 9948 --- [restartedMain] o.s.b.w.embedded.tomcat.TomcatWebServer  : Tomcat initialized with port(s): 8080 (http)
2022-04-20 21:09:29.114  INFO 9948 --- [restartedMain] o.apache.catalina.core.StandardService   : Starting service [Tomcat]
2022-04-20 21:09:29.115  INFO 9948 --- [restartedMain] org.apache.catalina.core.StandardEngine  : Starting Servlet engine: [Apache Tomcat/9.0.58]
2022-04-20 21:09:29.196  INFO 9948 --- [restartedMain] o.a.c.c.C.[Tomcat].[localhost].[/]       : Initializing Spring embedded WebApplicationContext
2022-04-20 21:09:29.197  INFO 9948 --- [restartedMain] w.s.c.ServletWebServerApplicationContext : Root WebApplicationContext: initialization completed in 1510 ms
2022-04-20 21:09:29.342  INFO 9948 --- [restartedMain] o.hibernate.jpa.internal.util.LogHelper  : HHH000204: Processing PersistenceUnitInfo [name: default]
2022-04-20 21:09:29.380  INFO 9948 --- [restartedMain] org.hibernate.Version                    : HHH000412: Hibernate ORM core version 5.6.5.Final
2022-04-20 21:09:29.488  INFO 9948 --- [restartedMain] o.hibernate.annotations.common.Version   : HCANN000001: Hibernate Commons Annotations {5.1.2.Final}
2022-04-20 21:09:29.574  INFO 9948 --- [restartedMain] com.zaxxer.hikari.HikariDataSource       : HikariPool-1 - Starting...
2022-04-20 21:09:29.688  INFO 9948 --- [restartedMain] com.zaxxer.hikari.HikariDataSource       : HikariPool-1 - Start completed.
2022-04-20 21:09:29.698  INFO 9948 --- [restartedMain] org.hibernate.dialect.Dialect            : HHH000400: Using dialect: org.hibernate.dialect.MySQL5InnoDBDialect
2022-04-20 21:09:30.851  INFO 9948 --- [restartedMain] o.h.e.t.j.p.i.JtaPlatformInitiator       : HHH000490: Using JtaPlatform implementation: [org.hibernate.engine.transaction.jta.platform.internal.NoJtaPlatform]
2022-04-20 21:09:30.881  INFO 9948 --- [restartedMain] j.LocalContainerEntityManagerFactoryBean : Initialized JPA EntityManagerFactory for persistence unit 'default'
2022-04-20 21:09:32.995  WARN 9948 --- [restartedMain] JpaBaseConfiguration$JpaWebConfiguration : spring.jpa.open-in-view is enabled by default. Therefore, database queries may be performed during view rendering. Explicitly configure spring.jpa.open-in-view to disable this warning
2022-04-20 21:09:34.613  INFO 9948 --- [restartedMain] o.s.b.d.a.OptionalLiveReloadServer       : LiveReload server is running on port 35729
2022-04-20 21:09:34.683  INFO 9948 --- [restartedMain] o.s.b.w.embedded.tomcat.TomcatWebServer  : Tomcat started on port(s): 8080 (http) with context path ''
2022-04-20 21:09:34.695  INFO 9948 --- [restartedMain] c.e.se2project.Se2ProjectApplication     : Started Se2ProjectApplication in 7.565 seconds (JVM running for 8.487)
2022-04-20 21:09:37.916  INFO 9948 --- [http-nio-8080-exec-1] o.a.c.c.C.[Tomcat].[localhost].[/]       : Initializing Spring DispatcherServlet 'dispatcherServlet'
2022-04-20 21:09:37.916  INFO 9948 --- [http-nio-8080-exec-1] o.s.web.servlet.DispatcherServlet        : Initializing Servlet 'dispatcherServlet'
2022-04-20 21:09:37.918  INFO 9948 --- [http-nio-8080-exec-1] o.s.web.servlet.DispatcherServlet        : Completed initialization in 1 ms
2022-04-20 21:09:38.056 DEBUG 9948 --- [http-nio-8080-exec-1] org.hibernate.SQL                        : 
    select
        product0_.product_id as product_1_4_,
        product0_.categories_id as categori6_4_,
        product0_.detail as detail2_4_,
        product0_.image as image3_4_,
        product0_.name as name4_4_,
        product0_.price as price5_4_ 
    from
        product product0_
2022-04-20 21:09:38.084 DEBUG 9948 --- [http-nio-8080-exec-1] org.hibernate.SQL                        : 
    select
        product0_.product_id as product_1_4_,
        product0_.categories_id as categori6_4_,
        product0_.detail as detail2_4_,
        product0_.image as image3_4_,
        product0_.name as name4_4_,
        product0_.price as price5_4_ 
    from
        product product0_
2022-04-20 21:09:38.105  WARN 9948 --- [http-nio-8080-exec-1] .m.m.a.ExceptionHandlerExceptionResolver : Resolved [org.springframework.dao.InvalidDataAccessApiUsageException: Parameter value [3] did not match expected type [java.lang.Long (n/a)]; nested exception is java.lang.IllegalArgumentException: Parameter value [3] did not match expected type [java.lang.Long (n/a)]]
2022-04-20 21:17:13.838  INFO 9948 --- [SpringApplicationShutdownHook] j.LocalContainerEntityManagerFactoryBean : Closing JPA EntityManagerFactory for persistence unit 'default'
2022-04-20 21:17:13.843  INFO 9948 --- [SpringApplicationShutdownHook] com.zaxxer.hikari.HikariDataSource       : HikariPool-1 - Shutdown initiated...
2022-04-20 21:17:13.851  INFO 9948 --- [SpringApplicationShutdownHook] com.zaxxer.hikari.HikariDataSource       : HikariPool-1 - Shutdown completed.
2022-04-20 21:17:23.187  INFO 9712 --- [restartedMain] c.e.se2project.Se2ProjectApplication     : Starting Se2ProjectApplication using Java 17.0.2 on LAPTOP-14C4NV3J with PID 9712 (C:\Users\FPT SHop\OneDrive\Desktop\SE2Project-master\SE2Project-master\target\classes started by FPT SHop in C:\Users\FPT SHop\OneDrive\Desktop\SE2Project-master)
2022-04-20 21:17:23.189  INFO 9712 --- [restartedMain] c.e.se2project.Se2ProjectApplication     : No active profile set, falling back to 1 default profile: "default"
2022-04-20 21:17:23.251  INFO 9712 --- [restartedMain] .e.DevToolsPropertyDefaultsPostProcessor : Devtools property defaults active! Set 'spring.devtools.add-properties' to 'false' to disable
2022-04-20 21:17:23.252  INFO 9712 --- [restartedMain] .e.DevToolsPropertyDefaultsPostProcessor : For additional web related logging consider setting the 'logging.level.web' property to 'DEBUG'
2022-04-20 21:17:24.381  INFO 9712 --- [restartedMain] .s.d.r.c.RepositoryConfigurationDelegate : Bootstrapping Spring Data JPA repositories in DEFAULT mode.
2022-04-20 21:17:24.524  INFO 9712 --- [restartedMain] .s.d.r.c.RepositoryConfigurationDelegate : Finished Spring Data repository scanning in 128 ms. Found 4 JPA repository interfaces.
2022-04-20 21:17:25.471  INFO 9712 --- [restartedMain] o.s.b.w.embedded.tomcat.TomcatWebServer  : Tomcat initialized with port(s): 8080 (http)
2022-04-20 21:17:25.493  INFO 9712 --- [restartedMain] o.apache.catalina.core.StandardService   : Starting service [Tomcat]
2022-04-20 21:17:25.494  INFO 9712 --- [restartedMain] org.apache.catalina.core.StandardEngine  : Starting Servlet engine: [Apache Tomcat/9.0.58]
2022-04-20 21:17:25.615  INFO 9712 --- [restartedMain] o.a.c.c.C.[Tomcat].[localhost].[/]       : Initializing Spring embedded WebApplicationContext
2022-04-20 21:17:25.616  INFO 9712 --- [restartedMain] w.s.c.ServletWebServerApplicationContext : Root WebApplicationContext: initialization completed in 2363 ms
2022-04-20 21:17:25.816  INFO 9712 --- [restartedMain] o.hibernate.jpa.internal.util.LogHelper  : HHH000204: Processing PersistenceUnitInfo [name: default]
2022-04-20 21:17:25.893  INFO 9712 --- [restartedMain] org.hibernate.Version                    : HHH000412: Hibernate ORM core version 5.6.5.Final
2022-04-20 21:17:26.126  INFO 9712 --- [restartedMain] o.hibernate.annotations.common.Version   : HCANN000001: Hibernate Commons Annotations {5.1.2.Final}
2022-04-20 21:17:26.301  INFO 9712 --- [restartedMain] com.zaxxer.hikari.HikariDataSource       : HikariPool-1 - Starting...
2022-04-20 21:17:26.544  INFO 9712 --- [restartedMain] com.zaxxer.hikari.HikariDataSource       : HikariPool-1 - Start completed.
2022-04-20 21:17:26.571  INFO 9712 --- [restartedMain] org.hibernate.dialect.Dialect            : HHH000400: Using dialect: org.hibernate.dialect.MySQL5InnoDBDialect
2022-04-20 21:17:27.794  INFO 9712 --- [restartedMain] o.h.e.t.j.p.i.JtaPlatformInitiator       : HHH000490: Using JtaPlatform implementation: [org.hibernate.engine.transaction.jta.platform.internal.NoJtaPlatform]
2022-04-20 21:17:27.805  INFO 9712 --- [restartedMain] j.LocalContainerEntityManagerFactoryBean : Initialized JPA EntityManagerFactory for persistence unit 'default'
2022-04-20 21:17:28.477  WARN 9712 --- [restartedMain] JpaBaseConfiguration$JpaWebConfiguration : spring.jpa.open-in-view is enabled by default. Therefore, database queries may be performed during view rendering. Explicitly configure spring.jpa.open-in-view to disable this warning
2022-04-20 21:17:29.581  INFO 9712 --- [restartedMain] o.s.b.d.a.OptionalLiveReloadServer       : LiveReload server is running on port 35729
2022-04-20 21:17:29.666  INFO 9712 --- [restartedMain] o.s.b.w.embedded.tomcat.TomcatWebServer  : Tomcat started on port(s): 8080 (http) with context path ''
2022-04-20 21:17:29.689  INFO 9712 --- [restartedMain] c.e.se2project.Se2ProjectApplication     : Started Se2ProjectApplication in 7.101 seconds (JVM running for 8.443)
2022-04-20 21:17:47.203  INFO 9712 --- [http-nio-8080-exec-1] o.a.c.c.C.[Tomcat].[localhost].[/]       : Initializing Spring DispatcherServlet 'dispatcherServlet'
2022-04-20 21:17:47.203  INFO 9712 --- [http-nio-8080-exec-1] o.s.web.servlet.DispatcherServlet        : Initializing Servlet 'dispatcherServlet'
2022-04-20 21:17:47.204  INFO 9712 --- [http-nio-8080-exec-1] o.s.web.servlet.DispatcherServlet        : Completed initialization in 1 ms
2022-04-20 21:17:49.892 DEBUG 9712 --- [http-nio-8080-exec-10] org.hibernate.SQL                        : 
    select
        product0_.product_id as product_1_4_,
        product0_.categories_id as categori6_4_,
        product0_.detail as detail2_4_,
        product0_.image as image3_4_,
        product0_.name as name4_4_,
        product0_.price as price5_4_ 
    from
        product product0_
2022-04-20 21:17:49.921 DEBUG 9712 --- [http-nio-8080-exec-10] org.hibernate.SQL                        : 
    select
        product0_.product_id as product_1_4_,
        product0_.categories_id as categori6_4_,
        product0_.detail as detail2_4_,
        product0_.image as image3_4_,
        product0_.name as name4_4_,
        product0_.price as price5_4_ 
    from
        product product0_
2022-04-20 21:17:49.942 DEBUG 9712 --- [http-nio-8080-exec-10] org.hibernate.SQL                        : 
    select
        product0_.product_id as product_1_4_,
        product0_.categories_id as categori6_4_,
        product0_.detail as detail2_4_,
        product0_.image as image3_4_,
        product0_.name as name4_4_,
        product0_.price as price5_4_ 
    from
        product product0_ 
    where
        product0_.product_id between ? and ?
2022-04-20 21:17:49.950 DEBUG 9712 --- [http-nio-8080-exec-10] org.hibernate.SQL                        : 
    select
        category0_.category_id as category1_1_,
        category0_.description as descript2_1_,
        category0_.image as image3_1_,
        category0_.name as name4_1_ 
    from
        category category0_
2022-04-20 21:20:16.306  INFO 9712 --- [SpringApplicationShutdownHook] j.LocalContainerEntityManagerFactoryBean : Closing JPA EntityManagerFactory for persistence unit 'default'
2022-04-20 21:20:16.310  INFO 9712 --- [SpringApplicationShutdownHook] com.zaxxer.hikari.HikariDataSource       : HikariPool-1 - Shutdown initiated...
2022-04-20 21:20:16.318  INFO 9712 --- [SpringApplicationShutdownHook] com.zaxxer.hikari.HikariDataSource       : HikariPool-1 - Shutdown completed.
2022-04-20 21:20:23.078  INFO 744 --- [restartedMain] c.e.se2project.Se2ProjectApplication     : Starting Se2ProjectApplication using Java 17.0.2 on LAPTOP-14C4NV3J with PID 744 (C:\Users\FPT SHop\OneDrive\Desktop\SE2Project-master\SE2Project-master\target\classes started by FPT SHop in C:\Users\FPT SHop\OneDrive\Desktop\SE2Project-master)
2022-04-20 21:20:23.080  INFO 744 --- [restartedMain] c.e.se2project.Se2ProjectApplication     : No active profile set, falling back to 1 default profile: "default"
2022-04-20 21:20:23.147  INFO 744 --- [restartedMain] .e.DevToolsPropertyDefaultsPostProcessor : Devtools property defaults active! Set 'spring.devtools.add-properties' to 'false' to disable
2022-04-20 21:20:23.148  INFO 744 --- [restartedMain] .e.DevToolsPropertyDefaultsPostProcessor : For additional web related logging consider setting the 'logging.level.web' property to 'DEBUG'
2022-04-20 21:20:23.899  INFO 744 --- [restartedMain] .s.d.r.c.RepositoryConfigurationDelegate : Bootstrapping Spring Data JPA repositories in DEFAULT mode.
2022-04-20 21:20:24.005  INFO 744 --- [restartedMain] .s.d.r.c.RepositoryConfigurationDelegate : Finished Spring Data repository scanning in 95 ms. Found 4 JPA repository interfaces.
2022-04-20 21:20:24.619  INFO 744 --- [restartedMain] o.s.b.w.embedded.tomcat.TomcatWebServer  : Tomcat initialized with port(s): 8080 (http)
2022-04-20 21:20:24.629  INFO 744 --- [restartedMain] o.apache.catalina.core.StandardService   : Starting service [Tomcat]
2022-04-20 21:20:24.630  INFO 744 --- [restartedMain] org.apache.catalina.core.StandardEngine  : Starting Servlet engine: [Apache Tomcat/9.0.58]
2022-04-20 21:20:24.722  INFO 744 --- [restartedMain] o.a.c.c.C.[Tomcat].[localhost].[/]       : Initializing Spring embedded WebApplicationContext
2022-04-20 21:20:24.722  INFO 744 --- [restartedMain] w.s.c.ServletWebServerApplicationContext : Root WebApplicationContext: initialization completed in 1573 ms
2022-04-20 21:20:24.874  INFO 744 --- [restartedMain] o.hibernate.jpa.internal.util.LogHelper  : HHH000204: Processing PersistenceUnitInfo [name: default]
2022-04-20 21:20:24.913  INFO 744 --- [restartedMain] org.hibernate.Version                    : HHH000412: Hibernate ORM core version 5.6.5.Final
2022-04-20 21:20:25.022  INFO 744 --- [restartedMain] o.hibernate.annotations.common.Version   : HCANN000001: Hibernate Commons Annotations {5.1.2.Final}
2022-04-20 21:20:25.116  INFO 744 --- [restartedMain] com.zaxxer.hikari.HikariDataSource       : HikariPool-1 - Starting...
2022-04-20 21:20:25.226  INFO 744 --- [restartedMain] com.zaxxer.hikari.HikariDataSource       : HikariPool-1 - Start completed.
2022-04-20 21:20:25.236  INFO 744 --- [restartedMain] org.hibernate.dialect.Dialect            : HHH000400: Using dialect: org.hibernate.dialect.MySQL5InnoDBDialect
2022-04-20 21:20:26.187  INFO 744 --- [restartedMain] o.h.e.t.j.p.i.JtaPlatformInitiator       : HHH000490: Using JtaPlatform implementation: [org.hibernate.engine.transaction.jta.platform.internal.NoJtaPlatform]
2022-04-20 21:20:26.195  INFO 744 --- [restartedMain] j.LocalContainerEntityManagerFactoryBean : Initialized JPA EntityManagerFactory for persistence unit 'default'
2022-04-20 21:20:26.709  WARN 744 --- [restartedMain] JpaBaseConfiguration$JpaWebConfiguration : spring.jpa.open-in-view is enabled by default. Therefore, database queries may be performed during view rendering. Explicitly configure spring.jpa.open-in-view to disable this warning
2022-04-20 21:20:27.484  INFO 744 --- [restartedMain] o.s.b.d.a.OptionalLiveReloadServer       : LiveReload server is running on port 35729
2022-04-20 21:20:27.554  INFO 744 --- [restartedMain] o.s.b.w.embedded.tomcat.TomcatWebServer  : Tomcat started on port(s): 8080 (http) with context path ''
2022-04-20 21:20:27.568  INFO 744 --- [restartedMain] c.e.se2project.Se2ProjectApplication     : Started Se2ProjectApplication in 4.978 seconds (JVM running for 6.014)
2022-04-20 21:20:39.445  INFO 744 --- [http-nio-8080-exec-1] o.a.c.c.C.[Tomcat].[localhost].[/]       : Initializing Spring DispatcherServlet 'dispatcherServlet'
2022-04-20 21:20:39.445  INFO 744 --- [http-nio-8080-exec-1] o.s.web.servlet.DispatcherServlet        : Initializing Servlet 'dispatcherServlet'
2022-04-20 21:20:39.446  INFO 744 --- [http-nio-8080-exec-1] o.s.web.servlet.DispatcherServlet        : Completed initialization in 0 ms
2022-04-20 21:20:39.565 DEBUG 744 --- [http-nio-8080-exec-1] org.hibernate.SQL                        : 
    select
        product0_.product_id as product_1_4_,
        product0_.categories_id as categori6_4_,
        product0_.detail as detail2_4_,
        product0_.image as image3_4_,
        product0_.name as name4_4_,
        product0_.price as price5_4_ 
    from
        product product0_
2022-04-20 21:20:39.589 DEBUG 744 --- [http-nio-8080-exec-1] org.hibernate.SQL                        : 
    select
        product0_.product_id as product_1_4_,
        product0_.categories_id as categori6_4_,
        product0_.detail as detail2_4_,
        product0_.image as image3_4_,
        product0_.name as name4_4_,
        product0_.price as price5_4_ 
    from
        product product0_
2022-04-20 21:20:39.603 DEBUG 744 --- [http-nio-8080-exec-1] org.hibernate.SQL                        : 
    select
        product0_.product_id as product_1_4_,
        product0_.categories_id as categori6_4_,
        product0_.detail as detail2_4_,
        product0_.image as image3_4_,
        product0_.name as name4_4_,
        product0_.price as price5_4_ 
    from
        product product0_ 
    where
        product0_.product_id between ? and ?
2022-04-20 21:20:39.609 DEBUG 744 --- [http-nio-8080-exec-1] org.hibernate.SQL                        : 
    select
        category0_.category_id as category1_1_,
        category0_.description as descript2_1_,
        category0_.image as image3_1_,
        category0_.name as name4_1_ 
    from
        category category0_
2022-04-20 21:20:41.249 DEBUG 744 --- [http-nio-8080-exec-8] org.hibernate.SQL                        : 
    select
        category0_.category_id as category1_1_,
        category0_.description as descript2_1_,
        category0_.image as image3_1_,
        category0_.name as name4_1_ 
    from
        category category0_
2022-04-20 21:20:41.259 DEBUG 744 --- [http-nio-8080-exec-8] org.hibernate.SQL                        : 
    select
        product0_.product_id as product_1_4_,
        product0_.categories_id as categori6_4_,
        product0_.detail as detail2_4_,
        product0_.image as image3_4_,
        product0_.name as name4_4_,
        product0_.price as price5_4_ 
    from
        product product0_ 
    left outer join
        category category1_ 
            on product0_.categories_id=category1_.category_id 
    where
        category1_.category_id=?
2022-04-20 21:20:42.767 DEBUG 744 --- [http-nio-8080-exec-9] org.hibernate.SQL                        : 
    select
        category0_.category_id as category1_1_,
        category0_.description as descript2_1_,
        category0_.image as image3_1_,
        category0_.name as name4_1_ 
    from
        category category0_
2022-04-20 21:20:42.771 DEBUG 744 --- [http-nio-8080-exec-9] org.hibernate.SQL                        : 
    select
        product0_.product_id as product_1_4_,
        product0_.categories_id as categori6_4_,
        product0_.detail as detail2_4_,
        product0_.image as image3_4_,
        product0_.name as name4_4_,
        product0_.price as price5_4_ 
    from
        product product0_ 
    left outer join
        category category1_ 
            on product0_.categories_id=category1_.category_id 
    where
        category1_.category_id=?
2022-04-20 21:20:43.935 DEBUG 744 --- [http-nio-8080-exec-6] org.hibernate.SQL                        : 
    select
        category0_.category_id as category1_1_,
        category0_.description as descript2_1_,
        category0_.image as image3_1_,
        category0_.name as name4_1_ 
    from
        category category0_
2022-04-20 21:20:43.937 DEBUG 744 --- [http-nio-8080-exec-6] org.hibernate.SQL                        : 
    select
        product0_.product_id as product_1_4_,
        product0_.categories_id as categori6_4_,
        product0_.detail as detail2_4_,
        product0_.image as image3_4_,
        product0_.name as name4_4_,
        product0_.price as price5_4_ 
    from
        product product0_ 
    left outer join
        category category1_ 
            on product0_.categories_id=category1_.category_id 
    where
        category1_.category_id=?
2022-04-20 21:20:44.941 DEBUG 744 --- [http-nio-8080-exec-10] org.hibernate.SQL                        : 
    select
        category0_.category_id as category1_1_,
        category0_.description as descript2_1_,
        category0_.image as image3_1_,
        category0_.name as name4_1_ 
    from
        category category0_
2022-04-20 21:20:44.946 DEBUG 744 --- [http-nio-8080-exec-10] org.hibernate.SQL                        : 
    select
        product0_.product_id as product_1_4_,
        product0_.categories_id as categori6_4_,
        product0_.detail as detail2_4_,
        product0_.image as image3_4_,
        product0_.name as name4_4_,
        product0_.price as price5_4_ 
    from
        product product0_ 
    left outer join
        category category1_ 
            on product0_.categories_id=category1_.category_id 
    where
        category1_.category_id=?
2022-04-20 21:20:45.797 DEBUG 744 --- [http-nio-8080-exec-5] org.hibernate.SQL                        : 
    select
        category0_.category_id as category1_1_,
        category0_.description as descript2_1_,
        category0_.image as image3_1_,
        category0_.name as name4_1_ 
    from
        category category0_
2022-04-20 21:20:45.801 DEBUG 744 --- [http-nio-8080-exec-5] org.hibernate.SQL                        : 
    select
        product0_.product_id as product_1_4_,
        product0_.categories_id as categori6_4_,
        product0_.detail as detail2_4_,
        product0_.image as image3_4_,
        product0_.name as name4_4_,
        product0_.price as price5_4_ 
    from
        product product0_ 
    left outer join
        category category1_ 
            on product0_.categories_id=category1_.category_id 
    where
        category1_.category_id=?
2022-04-20 21:20:48.165 DEBUG 744 --- [http-nio-8080-exec-1] org.hibernate.SQL                        : 
    select
        category0_.category_id as category1_1_,
        category0_.description as descript2_1_,
        category0_.image as image3_1_,
        category0_.name as name4_1_ 
    from
        category category0_
2022-04-20 21:20:48.169 DEBUG 744 --- [http-nio-8080-exec-1] org.hibernate.SQL                        : 
    select
        product0_.product_id as product_1_4_,
        product0_.categories_id as categori6_4_,
        product0_.detail as detail2_4_,
        product0_.image as image3_4_,
        product0_.name as name4_4_,
        product0_.price as price5_4_ 
    from
        product product0_ 
    left outer join
        category category1_ 
            on product0_.categories_id=category1_.category_id 
    where
        category1_.category_id=?
2022-04-20 21:20:56.147 DEBUG 744 --- [http-nio-8080-exec-9] org.hibernate.SQL                        : 
    select
        category0_.category_id as category1_1_,
        category0_.description as descript2_1_,
        category0_.image as image3_1_,
        category0_.name as name4_1_ 
    from
        category category0_
2022-04-20 21:21:19.554 DEBUG 744 --- [http-nio-8080-exec-7] org.hibernate.SQL                        : 
    select
        category0_.category_id as category1_1_0_,
        category0_.description as descript2_1_0_,
        category0_.image as image3_1_0_,
        category0_.name as name4_1_0_ 
    from
        category category0_ 
    where
        category0_.category_id=?
2022-04-20 21:21:19.596 DEBUG 744 --- [http-nio-8080-exec-7] org.hibernate.SQL                        : 
    insert 
    into
        product
        (categories_id, detail, image, name, price) 
    values
        (?, ?, ?, ?, ?)
2022-04-20 21:21:22.528 DEBUG 744 --- [http-nio-8080-exec-8] org.hibernate.SQL                        : 
    select
        product0_.product_id as product_1_4_,
        product0_.categories_id as categori6_4_,
        product0_.detail as detail2_4_,
        product0_.image as image3_4_,
        product0_.name as name4_4_,
        product0_.price as price5_4_ 
    from
        product product0_
2022-04-20 21:21:22.533 DEBUG 744 --- [http-nio-8080-exec-8] org.hibernate.SQL                        : 
    select
        product0_.product_id as product_1_4_,
        product0_.categories_id as categori6_4_,
        product0_.detail as detail2_4_,
        product0_.image as image3_4_,
        product0_.name as name4_4_,
        product0_.price as price5_4_ 
    from
        product product0_
2022-04-20 21:21:22.535 DEBUG 744 --- [http-nio-8080-exec-8] org.hibernate.SQL                        : 
    select
        product0_.product_id as product_1_4_,
        product0_.categories_id as categori6_4_,
        product0_.detail as detail2_4_,
        product0_.image as image3_4_,
        product0_.name as name4_4_,
        product0_.price as price5_4_ 
    from
        product product0_ 
    where
        product0_.product_id between ? and ?
2022-04-20 21:21:22.538 DEBUG 744 --- [http-nio-8080-exec-8] org.hibernate.SQL                        : 
    select
        category0_.category_id as category1_1_,
        category0_.description as descript2_1_,
        category0_.image as image3_1_,
        category0_.name as name4_1_ 
    from
        category category0_
2022-04-20 21:21:24.127 DEBUG 744 --- [http-nio-8080-exec-5] org.hibernate.SQL                        : 
    select
        category0_.category_id as category1_1_,
        category0_.description as descript2_1_,
        category0_.image as image3_1_,
        category0_.name as name4_1_ 
    from
        category category0_
2022-04-20 21:21:24.130 DEBUG 744 --- [http-nio-8080-exec-5] org.hibernate.SQL                        : 
    select
        product0_.product_id as product_1_4_,
        product0_.categories_id as categori6_4_,
        product0_.detail as detail2_4_,
        product0_.image as image3_4_,
        product0_.name as name4_4_,
        product0_.price as price5_4_ 
    from
        product product0_ 
    left outer join
        category category1_ 
            on product0_.categories_id=category1_.category_id 
    where
        category1_.category_id=?
2022-04-20 21:21:28.599 DEBUG 744 --- [http-nio-8080-exec-3] org.hibernate.SQL                        : 
    select
        category0_.category_id as category1_1_,
        category0_.description as descript2_1_,
        category0_.image as image3_1_,
        category0_.name as name4_1_ 
    from
        category category0_
2022-04-20 21:21:28.602 DEBUG 744 --- [http-nio-8080-exec-3] org.hibernate.SQL                        : 
    select
        product0_.product_id as product_1_4_,
        product0_.categories_id as categori6_4_,
        product0_.detail as detail2_4_,
        product0_.image as image3_4_,
        product0_.name as name4_4_,
        product0_.price as price5_4_ 
    from
        product product0_ 
    left outer join
        category category1_ 
            on product0_.categories_id=category1_.category_id 
    where
        category1_.category_id=?
2022-04-20 21:21:29.894 DEBUG 744 --- [http-nio-8080-exec-6] org.hibernate.SQL                        : 
    select
        category0_.category_id as category1_1_,
        category0_.description as descript2_1_,
        category0_.image as image3_1_,
        category0_.name as name4_1_ 
    from
        category category0_
2022-04-20 21:21:29.897 DEBUG 744 --- [http-nio-8080-exec-6] org.hibernate.SQL                        : 
    select
        product0_.product_id as product_1_4_,
        product0_.categories_id as categori6_4_,
        product0_.detail as detail2_4_,
        product0_.image as image3_4_,
        product0_.name as name4_4_,
        product0_.price as price5_4_ 
    from
        product product0_ 
    left outer join
        category category1_ 
            on product0_.categories_id=category1_.category_id 
    where
        category1_.category_id=?
2022-04-20 21:21:30.805 DEBUG 744 --- [http-nio-8080-exec-9] org.hibernate.SQL                        : 
    select
        category0_.category_id as category1_1_,
        category0_.description as descript2_1_,
        category0_.image as image3_1_,
        category0_.name as name4_1_ 
    from
        category category0_
2022-04-20 21:21:30.808 DEBUG 744 --- [http-nio-8080-exec-9] org.hibernate.SQL                        : 
    select
        product0_.product_id as product_1_4_,
        product0_.categories_id as categori6_4_,
        product0_.detail as detail2_4_,
        product0_.image as image3_4_,
        product0_.name as name4_4_,
        product0_.price as price5_4_ 
    from
        product product0_ 
    left outer join
        category category1_ 
            on product0_.categories_id=category1_.category_id 
    where
        category1_.category_id=?
2022-04-20 21:21:32.446 DEBUG 744 --- [http-nio-8080-exec-5] org.hibernate.SQL                        : 
    select
        category0_.category_id as category1_1_,
        category0_.description as descript2_1_,
        category0_.image as image3_1_,
        category0_.name as name4_1_ 
    from
        category category0_
2022-04-20 21:21:32.449 DEBUG 744 --- [http-nio-8080-exec-5] org.hibernate.SQL                        : 
    select
        product0_.product_id as product_1_4_,
        product0_.categories_id as categori6_4_,
        product0_.detail as detail2_4_,
        product0_.image as image3_4_,
        product0_.name as name4_4_,
        product0_.price as price5_4_ 
    from
        product product0_ 
    left outer join
        category category1_ 
            on product0_.categories_id=category1_.category_id 
    where
        category1_.category_id=?
2022-04-20 21:21:37.349  INFO 744 --- [SpringApplicationShutdownHook] j.LocalContainerEntityManagerFactoryBean : Closing JPA EntityManagerFactory for persistence unit 'default'
2022-04-20 21:21:37.356  INFO 744 --- [SpringApplicationShutdownHook] com.zaxxer.hikari.HikariDataSource       : HikariPool-1 - Shutdown initiated...
2022-04-20 21:21:37.630  INFO 744 --- [SpringApplicationShutdownHook] com.zaxxer.hikari.HikariDataSource       : HikariPool-1 - Shutdown completed.
