2022-04-18 12:34:11.312  INFO 19188 --- [restartedMain] c.e.se2project.Se2ProjectApplication     : Starting Se2ProjectApplication using Java 17.0.1 on UBC88EKI9NSI3 with PID 19188 (X:\learnFIT\SE2\Project\target\classes started by Xoaic in X:\learnFIT\SE2\Project)
2022-04-18 12:34:11.319  INFO 19188 --- [restartedMain] c.e.se2project.Se2ProjectApplication     : No active profile set, falling back to 1 default profile: "default"
2022-04-18 12:34:11.387  INFO 19188 --- [restartedMain] .e.DevToolsPropertyDefaultsPostProcessor : Devtools property defaults active! Set 'spring.devtools.add-properties' to 'false' to disable
2022-04-18 12:34:11.387  INFO 19188 --- [restartedMain] .e.DevToolsPropertyDefaultsPostProcessor : For additional web related logging consider setting the 'logging.level.web' property to 'DEBUG'
2022-04-18 12:34:12.067  INFO 19188 --- [restartedMain] .s.d.r.c.RepositoryConfigurationDelegate : Bootstrapping Spring Data JPA repositories in DEFAULT mode.
2022-04-18 12:34:12.154  INFO 19188 --- [restartedMain] .s.d.r.c.RepositoryConfigurationDelegate : Finished Spring Data repository scanning in 77 ms. Found 4 JPA repository interfaces.
2022-04-18 12:34:12.732  INFO 19188 --- [restartedMain] o.s.b.w.embedded.tomcat.TomcatWebServer  : Tomcat initialized with port(s): 8080 (http)
2022-04-18 12:34:12.741  INFO 19188 --- [restartedMain] o.apache.catalina.core.StandardService   : Starting service [Tomcat]
2022-04-18 12:34:12.742  INFO 19188 --- [restartedMain] org.apache.catalina.core.StandardEngine  : Starting Servlet engine: [Apache Tomcat/9.0.58]
2022-04-18 12:34:12.863  INFO 19188 --- [restartedMain] o.a.c.c.C.[Tomcat].[localhost].[/]       : Initializing Spring embedded WebApplicationContext
2022-04-18 12:34:12.863  INFO 19188 --- [restartedMain] w.s.c.ServletWebServerApplicationContext : Root WebApplicationContext: initialization completed in 1475 ms
2022-04-18 12:34:13.018  INFO 19188 --- [restartedMain] o.hibernate.jpa.internal.util.LogHelper  : HHH000204: Processing PersistenceUnitInfo [name: default]
2022-04-18 12:34:13.078  INFO 19188 --- [restartedMain] org.hibernate.Version                    : HHH000412: Hibernate ORM core version 5.6.5.Final
2022-04-18 12:34:13.232  INFO 19188 --- [restartedMain] o.hibernate.annotations.common.Version   : HCANN000001: Hibernate Commons Annotations {5.1.2.Final}
2022-04-18 12:34:13.339  INFO 19188 --- [restartedMain] com.zaxxer.hikari.HikariDataSource       : HikariPool-1 - Starting...
2022-04-18 12:34:13.739  INFO 19188 --- [restartedMain] com.zaxxer.hikari.HikariDataSource       : HikariPool-1 - Start completed.
2022-04-18 12:34:13.755  INFO 19188 --- [restartedMain] org.hibernate.dialect.Dialect            : HHH000400: Using dialect: org.hibernate.dialect.MySQL5InnoDBDialect
2022-04-18 12:34:14.559  INFO 19188 --- [restartedMain] o.h.e.t.j.p.i.JtaPlatformInitiator       : HHH000490: Using JtaPlatform implementation: [org.hibernate.engine.transaction.jta.platform.internal.NoJtaPlatform]
2022-04-18 12:34:14.566  INFO 19188 --- [restartedMain] j.LocalContainerEntityManagerFactoryBean : Initialized JPA EntityManagerFactory for persistence unit 'default'
2022-04-18 12:34:14.982  WARN 19188 --- [restartedMain] JpaBaseConfiguration$JpaWebConfiguration : spring.jpa.open-in-view is enabled by default. Therefore, database queries may be performed during view rendering. Explicitly configure spring.jpa.open-in-view to disable this warning
2022-04-18 12:34:15.647  INFO 19188 --- [restartedMain] o.s.b.d.a.OptionalLiveReloadServer       : LiveReload server is running on port 35729
2022-04-18 12:34:15.684  INFO 19188 --- [restartedMain] o.s.b.w.embedded.tomcat.TomcatWebServer  : Tomcat started on port(s): 8080 (http) with context path ''
2022-04-18 12:34:15.694  INFO 19188 --- [restartedMain] c.e.se2project.Se2ProjectApplication     : Started Se2ProjectApplication in 4.759 seconds (JVM running for 5.768)
2022-04-18 12:34:42.459  INFO 19188 --- [http-nio-8080-exec-1] o.a.c.c.C.[Tomcat].[localhost].[/]       : Initializing Spring DispatcherServlet 'dispatcherServlet'
2022-04-18 12:34:42.460  INFO 19188 --- [http-nio-8080-exec-1] o.s.web.servlet.DispatcherServlet        : Initializing Servlet 'dispatcherServlet'
2022-04-18 12:34:42.462  INFO 19188 --- [http-nio-8080-exec-1] o.s.web.servlet.DispatcherServlet        : Completed initialization in 2 ms
2022-04-18 12:36:03.187  INFO 19188 --- [SpringApplicationShutdownHook] j.LocalContainerEntityManagerFactoryBean : Closing JPA EntityManagerFactory for persistence unit 'default'
2022-04-18 12:36:03.189  INFO 19188 --- [SpringApplicationShutdownHook] com.zaxxer.hikari.HikariDataSource       : HikariPool-1 - Shutdown initiated...
2022-04-18 12:36:03.199  INFO 19188 --- [SpringApplicationShutdownHook] com.zaxxer.hikari.HikariDataSource       : HikariPool-1 - Shutdown completed.
2022-04-18 12:36:07.412  INFO 15704 --- [restartedMain] c.e.se2project.Se2ProjectApplication     : Starting Se2ProjectApplication using Java 17.0.1 on UBC88EKI9NSI3 with PID 15704 (X:\learnFIT\SE2\Project\target\classes started by Xoaic in X:\learnFIT\SE2\Project)
2022-04-18 12:36:07.414  INFO 15704 --- [restartedMain] c.e.se2project.Se2ProjectApplication     : No active profile set, falling back to 1 default profile: "default"
2022-04-18 12:36:07.486  INFO 15704 --- [restartedMain] .e.DevToolsPropertyDefaultsPostProcessor : Devtools property defaults active! Set 'spring.devtools.add-properties' to 'false' to disable
2022-04-18 12:36:07.486  INFO 15704 --- [restartedMain] .e.DevToolsPropertyDefaultsPostProcessor : For additional web related logging consider setting the 'logging.level.web' property to 'DEBUG'
2022-04-18 12:36:08.119  INFO 15704 --- [restartedMain] .s.d.r.c.RepositoryConfigurationDelegate : Bootstrapping Spring Data JPA repositories in DEFAULT mode.
2022-04-18 12:36:08.200  INFO 15704 --- [restartedMain] .s.d.r.c.RepositoryConfigurationDelegate : Finished Spring Data repository scanning in 71 ms. Found 4 JPA repository interfaces.
2022-04-18 12:36:08.697  INFO 15704 --- [restartedMain] o.s.b.w.embedded.tomcat.TomcatWebServer  : Tomcat initialized with port(s): 8080 (http)
2022-04-18 12:36:08.705  INFO 15704 --- [restartedMain] o.apache.catalina.core.StandardService   : Starting service [Tomcat]
2022-04-18 12:36:08.706  INFO 15704 --- [restartedMain] org.apache.catalina.core.StandardEngine  : Starting Servlet engine: [Apache Tomcat/9.0.58]
2022-04-18 12:36:08.820  INFO 15704 --- [restartedMain] o.a.c.c.C.[Tomcat].[localhost].[/]       : Initializing Spring embedded WebApplicationContext
2022-04-18 12:36:08.820  INFO 15704 --- [restartedMain] w.s.c.ServletWebServerApplicationContext : Root WebApplicationContext: initialization completed in 1333 ms
2022-04-18 12:36:08.936  INFO 15704 --- [restartedMain] o.hibernate.jpa.internal.util.LogHelper  : HHH000204: Processing PersistenceUnitInfo [name: default]
2022-04-18 12:36:08.976  INFO 15704 --- [restartedMain] org.hibernate.Version                    : HHH000412: Hibernate ORM core version 5.6.5.Final
2022-04-18 12:36:09.081  INFO 15704 --- [restartedMain] o.hibernate.annotations.common.Version   : HCANN000001: Hibernate Commons Annotations {5.1.2.Final}
2022-04-18 12:36:09.151  INFO 15704 --- [restartedMain] com.zaxxer.hikari.HikariDataSource       : HikariPool-1 - Starting...
2022-04-18 12:36:09.468  INFO 15704 --- [restartedMain] com.zaxxer.hikari.HikariDataSource       : HikariPool-1 - Start completed.
2022-04-18 12:36:09.479  INFO 15704 --- [restartedMain] org.hibernate.dialect.Dialect            : HHH000400: Using dialect: org.hibernate.dialect.MySQL5InnoDBDialect
2022-04-18 12:36:10.152  INFO 15704 --- [restartedMain] o.h.e.t.j.p.i.JtaPlatformInitiator       : HHH000490: Using JtaPlatform implementation: [org.hibernate.engine.transaction.jta.platform.internal.NoJtaPlatform]
2022-04-18 12:36:10.165  INFO 15704 --- [restartedMain] j.LocalContainerEntityManagerFactoryBean : Initialized JPA EntityManagerFactory for persistence unit 'default'
2022-04-18 12:36:10.541  WARN 15704 --- [restartedMain] JpaBaseConfiguration$JpaWebConfiguration : spring.jpa.open-in-view is enabled by default. Therefore, database queries may be performed during view rendering. Explicitly configure spring.jpa.open-in-view to disable this warning
2022-04-18 12:36:11.150  INFO 15704 --- [restartedMain] o.s.b.d.a.OptionalLiveReloadServer       : LiveReload server is running on port 35729
2022-04-18 12:36:11.186  INFO 15704 --- [restartedMain] o.s.b.w.embedded.tomcat.TomcatWebServer  : Tomcat started on port(s): 8080 (http) with context path ''
2022-04-18 12:36:11.197  INFO 15704 --- [restartedMain] c.e.se2project.Se2ProjectApplication     : Started Se2ProjectApplication in 4.175 seconds (JVM running for 5.045)
2022-04-18 12:36:15.206  INFO 15704 --- [http-nio-8080-exec-1] o.a.c.c.C.[Tomcat].[localhost].[/]       : Initializing Spring DispatcherServlet 'dispatcherServlet'
2022-04-18 12:36:15.206  INFO 15704 --- [http-nio-8080-exec-1] o.s.web.servlet.DispatcherServlet        : Initializing Servlet 'dispatcherServlet'
2022-04-18 12:36:15.207  INFO 15704 --- [http-nio-8080-exec-1] o.s.web.servlet.DispatcherServlet        : Completed initialization in 1 ms
2022-04-18 12:36:22.675  INFO 15704 --- [SpringApplicationShutdownHook] j.LocalContainerEntityManagerFactoryBean : Closing JPA EntityManagerFactory for persistence unit 'default'
2022-04-18 12:36:22.678  INFO 15704 --- [SpringApplicationShutdownHook] com.zaxxer.hikari.HikariDataSource       : HikariPool-1 - Shutdown initiated...
2022-04-18 12:36:22.686  INFO 15704 --- [SpringApplicationShutdownHook] com.zaxxer.hikari.HikariDataSource       : HikariPool-1 - Shutdown completed.
